2018-03-13 11:07:10 [http-nio-8087-exec-4] com.clivern.racter.receivers.VerifyWebhook.challenge()
INFO: Verify token validated successfully.
2018-03-13 11:07:37 [http-nio-8087-exec-6] com.bots.bots.controller.InicioController.webHook()
INFO: User ID#:1809264795810706
2018-03-13 11:07:37 [http-nio-8087-exec-6] com.bots.bots.controller.InicioController.webHook()
INFO: Page ID#:196856110912106
2018-03-13 11:07:37 [http-nio-8087-exec-6] com.bots.bots.controller.InicioController.webHook()
INFO: Message ID#:mid.$cAADp_rPrQEZoUZolsViIFTd7pxvE
2018-03-13 11:07:37 [http-nio-8087-exec-6] com.bots.bots.controller.InicioController.webHook()
INFO: Message Text#:hola
2018-03-13 11:07:37 [http-nio-8087-exec-6] com.bots.bots.controller.InicioController.webHook()
INFO: Quick Reply Payload#:
2018-03-13 11:07:37 [http-nio-8087-exec-6] com.clivern.racter.senders.BaseSender.send()
INFO: curl -X POST -H "Content-Type: application/json" -d '{"recipient": {"id": "1809264795810706"},"message": {"text": "Hola amigo, ¿en qué puedo ayudarte?","quick_replies":[{"content_type":"text","title":"Consulta saldo","payload":"consulta_saldo_click"},{"content_type":"text","title":"Transferencia","payload":"transferencia_click"}]}}' "https://graph.facebook.com/v2.6/me/messages?access_token=EAAd1oZBvQLyABABTKpP0eQrwfsiwwcZAKbIcHmJokT26IUkWpMSKO75DGTnCcazUXuda36uzDMGt6oQAtnSgd5udAvZAHVBqSmp8aVqD7Qztx8B7eGHQMCRwA4wj1yxV5gB7mUZC7xjJYuP0cqmsypG51snmfHidIeKirAw6rMQx8mL9Izqr"
2018-03-13 11:07:49 [http-nio-8087-exec-9] com.bots.bots.controller.InicioController.webHook()
INFO: User ID#:1809264795810706
2018-03-13 11:07:49 [http-nio-8087-exec-9] com.bots.bots.controller.InicioController.webHook()
INFO: Page ID#:196856110912106
2018-03-13 11:07:49 [http-nio-8087-exec-9] com.bots.bots.controller.InicioController.webHook()
INFO: Message ID#:mid.$cAADp_rPrQEZoUZpX_ViIFUQhf4cz
2018-03-13 11:07:49 [http-nio-8087-exec-9] com.bots.bots.controller.InicioController.webHook()
INFO: Message Text#:Consulta saldo
2018-03-13 11:07:49 [http-nio-8087-exec-9] com.bots.bots.controller.InicioController.webHook()
INFO: Quick Reply Payload#:consulta_saldo_click
2018-03-13 11:07:49 [http-nio-8087-exec-9] com.clivern.racter.senders.BaseSender.send()
INFO: curl -X POST -H "Content-Type: application/json" -d '{"recipient": {"id": "1809264795810706"},"message": {"text": "Selecciona una tarjeta","quick_replies":[{"content_type":"text","title":"1234567890123456","payload":"select_banco_banamex_click_0"},{"content_type":"text","title":"324788545493845","payload":"select_banco_banamex_click_1"}]}}' "https://graph.facebook.com/v2.6/me/messages?access_token=EAAd1oZBvQLyABABTKpP0eQrwfsiwwcZAKbIcHmJokT26IUkWpMSKO75DGTnCcazUXuda36uzDMGt6oQAtnSgd5udAvZAHVBqSmp8aVqD7Qztx8B7eGHQMCRwA4wj1yxV5gB7mUZC7xjJYuP0cqmsypG51snmfHidIeKirAw6rMQx8mL9Izqr"
2018-03-13 11:08:57 [http-nio-8087-exec-3] com.bots.bots.controller.InicioController.webHook()
INFO: User ID#:1809264795810706
2018-03-13 11:08:57 [http-nio-8087-exec-3] com.bots.bots.controller.InicioController.webHook()
INFO: Page ID#:196856110912106
2018-03-13 11:08:57 [http-nio-8087-exec-3] com.bots.bots.controller.InicioController.webHook()
INFO: Message ID#:mid.$cAADp_rPrQEZoUZtkDViIFYVcLlXV
2018-03-13 11:08:57 [http-nio-8087-exec-3] com.bots.bots.controller.InicioController.webHook()
INFO: Message Text#:1234567890123456
2018-03-13 11:08:57 [http-nio-8087-exec-3] com.bots.bots.controller.InicioController.webHook()
INFO: Quick Reply Payload#:select_banco_banamex_click_0
2018-03-13 11:42:02 [http-nio-8087-exec-1] com.bots.bots.controller.InicioController.webHook()
INFO: User ID#:1809264795810706
2018-03-13 11:42:02 [http-nio-8087-exec-1] com.bots.bots.controller.InicioController.webHook()
INFO: Page ID#:196856110912106
2018-03-13 11:42:02 [http-nio-8087-exec-1] com.bots.bots.controller.InicioController.webHook()
INFO: Message ID#:mid.$cAADp_rPrQEZoUbmrYFiIHRjmze3p
2018-03-13 11:42:02 [http-nio-8087-exec-1] com.bots.bots.controller.InicioController.webHook()
INFO: Message Text#:Hola
2018-03-13 11:42:02 [http-nio-8087-exec-1] com.bots.bots.controller.InicioController.webHook()
INFO: Quick Reply Payload#:
2018-03-13 11:42:02 [http-nio-8087-exec-1] com.clivern.racter.senders.BaseSender.send()
INFO: curl -X POST -H "Content-Type: application/json" -d '{"recipient": {"id": "1809264795810706"},"message": {"text": "Hola amigo, ¿en qué puedo ayudarte?","quick_replies":[{"content_type":"text","title":"Consulta saldo","payload":"consulta_saldo_click"},{"content_type":"text","title":"Transferencia","payload":"transferencia_click"}]}}' "https://graph.facebook.com/v2.6/me/messages?access_token=EAAd1oZBvQLyABABTKpP0eQrwfsiwwcZAKbIcHmJokT26IUkWpMSKO75DGTnCcazUXuda36uzDMGt6oQAtnSgd5udAvZAHVBqSmp8aVqD7Qztx8B7eGHQMCRwA4wj1yxV5gB7mUZC7xjJYuP0cqmsypG51snmfHidIeKirAw6rMQx8mL9Izqr"
2018-03-13 11:42:09 [http-nio-8087-exec-2] com.bots.bots.controller.InicioController.webHook()
INFO: User ID#:1809264795810706
2018-03-13 11:42:09 [http-nio-8087-exec-2] com.bots.bots.controller.InicioController.webHook()
INFO: Page ID#:196856110912106
2018-03-13 11:42:09 [http-nio-8087-exec-2] com.bots.bots.controller.InicioController.webHook()
INFO: Message ID#:mid.$cAADp_rPrQEZoUbnIQViIHSAizDZd
2018-03-13 11:42:09 [http-nio-8087-exec-2] com.bots.bots.controller.InicioController.webHook()
INFO: Message Text#:Consulta saldo
2018-03-13 11:42:09 [http-nio-8087-exec-2] com.bots.bots.controller.InicioController.webHook()
INFO: Quick Reply Payload#:consulta_saldo_click
2018-03-13 11:42:09 [http-nio-8087-exec-2] com.clivern.racter.senders.BaseSender.send()
INFO: curl -X POST -H "Content-Type: application/json" -d '{"recipient": {"id": "1809264795810706"},"message": {"text": "Selecciona una tarjeta","quick_replies":[{"content_type":"text","title":"1234567890123456","payload":"select_banco_banamex_click_0"},{"content_type":"text","title":"324788545493845","payload":"select_banco_banamex_click_1"}]}}' "https://graph.facebook.com/v2.6/me/messages?access_token=EAAd1oZBvQLyABABTKpP0eQrwfsiwwcZAKbIcHmJokT26IUkWpMSKO75DGTnCcazUXuda36uzDMGt6oQAtnSgd5udAvZAHVBqSmp8aVqD7Qztx8B7eGHQMCRwA4wj1yxV5gB7mUZC7xjJYuP0cqmsypG51snmfHidIeKirAw6rMQx8mL9Izqr"
2018-03-13 11:42:14 [http-nio-8087-exec-9] com.bots.bots.controller.InicioController.webHook()
INFO: User ID#:1809264795810706
2018-03-13 11:42:14 [http-nio-8087-exec-9] com.bots.bots.controller.InicioController.webHook()
INFO: Page ID#:196856110912106
2018-03-13 11:42:14 [http-nio-8087-exec-9] com.bots.bots.controller.InicioController.webHook()
INFO: Message ID#:mid.$cAADp_rPrQEZoUbnbz1iIHSTw1I9c
2018-03-13 11:42:14 [http-nio-8087-exec-9] com.bots.bots.controller.InicioController.webHook()
INFO: Message Text#:1234567890123456
2018-03-13 11:42:14 [http-nio-8087-exec-9] com.bots.bots.controller.InicioController.webHook()
INFO: Quick Reply Payload#:select_banco_banamex_click_0
2018-03-13 11:42:14 [http-nio-8087-exec-9] com.clivern.racter.senders.BaseSender.send()
INFO: curl -X POST -H "Content-Type: application/json" -d '{"recipient": {"id": "1809264795810706"},"message": {"text": "¡Quieres hacer una transferencia de esta tarjeta? entidades.Tarjetas[ ntarjeta=1234567890123456 ]","quick_replies":[{"content_type":"text","title":"Si","payload":"guarda_tarjeta_approved_click"},{"content_type":"text","title":"No","payload":"guarda_tarjeta_denied_click"}]}}' "https://graph.facebook.com/v2.6/me/messages?access_token=EAAd1oZBvQLyABABTKpP0eQrwfsiwwcZAKbIcHmJokT26IUkWpMSKO75DGTnCcazUXuda36uzDMGt6oQAtnSgd5udAvZAHVBqSmp8aVqD7Qztx8B7eGHQMCRwA4wj1yxV5gB7mUZC7xjJYuP0cqmsypG51snmfHidIeKirAw6rMQx8mL9Izqr"
2018-03-13 11:42:48 [http-nio-8087-exec-5] com.bots.bots.controller.InicioController.webHook()
INFO: User ID#:1809264795810706
2018-03-13 11:42:48 [http-nio-8087-exec-5] com.bots.bots.controller.InicioController.webHook()
INFO: Page ID#:196856110912106
2018-03-13 11:42:48 [http-nio-8087-exec-5] com.bots.bots.controller.InicioController.webHook()
INFO: Message ID#:mid.$cAADp_rPrQEZoUbpfZ1iIHUXuJFPZ
2018-03-13 11:42:48 [http-nio-8087-exec-5] com.bots.bots.controller.InicioController.webHook()
INFO: Message Text#:Si
2018-03-13 11:42:48 [http-nio-8087-exec-5] com.bots.bots.controller.InicioController.webHook()
INFO: Quick Reply Payload#:guarda_tarjeta_approved_click
2018-03-13 11:42:49 [http-nio-8087-exec-10] com.bots.bots.controller.InicioController.webHook()
INFO: User ID#:1809264795810706
2018-03-13 11:42:49 [http-nio-8087-exec-10] com.bots.bots.controller.InicioController.webHook()
INFO: Page ID#:196856110912106
2018-03-13 11:42:49 [http-nio-8087-exec-10] com.bots.bots.controller.InicioController.webHook()
INFO: Message ID#:mid.$cAADp_rPrQEZoUbpfZ1iIHUXuJFPZ
2018-03-13 11:42:49 [http-nio-8087-exec-10] com.bots.bots.controller.InicioController.webHook()
INFO: Message Text#:Si
2018-03-13 11:42:49 [http-nio-8087-exec-10] com.bots.bots.controller.InicioController.webHook()
INFO: Quick Reply Payload#:guarda_tarjeta_approved_click
2018-03-13 11:42:50 [http-nio-8087-exec-8] com.bots.bots.controller.InicioController.webHook()
INFO: User ID#:1809264795810706
2018-03-13 11:42:50 [http-nio-8087-exec-8] com.bots.bots.controller.InicioController.webHook()
INFO: Page ID#:196856110912106
2018-03-13 11:42:50 [http-nio-8087-exec-8] com.bots.bots.controller.InicioController.webHook()
INFO: Message ID#:mid.$cAADp_rPrQEZoUbpfZ1iIHUXuJFPZ
2018-03-13 11:42:50 [http-nio-8087-exec-8] com.bots.bots.controller.InicioController.webHook()
INFO: Message Text#:Si
2018-03-13 11:42:50 [http-nio-8087-exec-8] com.bots.bots.controller.InicioController.webHook()
INFO: Quick Reply Payload#:guarda_tarjeta_approved_click
2018-03-13 11:42:51 [http-nio-8087-exec-4] com.bots.bots.controller.InicioController.webHook()
INFO: User ID#:1809264795810706
2018-03-13 11:42:51 [http-nio-8087-exec-4] com.bots.bots.controller.InicioController.webHook()
INFO: Page ID#:196856110912106
2018-03-13 11:42:51 [http-nio-8087-exec-4] com.bots.bots.controller.InicioController.webHook()
INFO: Message ID#:mid.$cAADp_rPrQEZoUbpfZ1iIHUXuJFPZ
2018-03-13 11:42:51 [http-nio-8087-exec-4] com.bots.bots.controller.InicioController.webHook()
INFO: Message Text#:Si
2018-03-13 11:42:51 [http-nio-8087-exec-4] com.bots.bots.controller.InicioController.webHook()
INFO: Quick Reply Payload#:guarda_tarjeta_approved_click
2018-03-13 11:42:53 [http-nio-8087-exec-1] com.bots.bots.controller.InicioController.webHook()
INFO: User ID#:1809264795810706
2018-03-13 11:42:53 [http-nio-8087-exec-1] com.bots.bots.controller.InicioController.webHook()
INFO: Page ID#:196856110912106
2018-03-13 11:42:53 [http-nio-8087-exec-1] com.bots.bots.controller.InicioController.webHook()
INFO: Message ID#:mid.$cAADp_rPrQEZoUbpfZ1iIHUXuJFPZ
2018-03-13 11:42:53 [http-nio-8087-exec-1] com.bots.bots.controller.InicioController.webHook()
INFO: Message Text#:Si
2018-03-13 11:42:53 [http-nio-8087-exec-1] com.bots.bots.controller.InicioController.webHook()
INFO: Quick Reply Payload#:guarda_tarjeta_approved_click
2018-03-13 11:42:57 [http-nio-8087-exec-9] com.bots.bots.controller.InicioController.webHook()
INFO: User ID#:1809264795810706
2018-03-13 11:42:57 [http-nio-8087-exec-9] com.bots.bots.controller.InicioController.webHook()
INFO: Page ID#:196856110912106
2018-03-13 11:42:57 [http-nio-8087-exec-9] com.bots.bots.controller.InicioController.webHook()
INFO: Message ID#:mid.$cAADp_rPrQEZoUbpfZ1iIHUXuJFPZ
2018-03-13 11:42:57 [http-nio-8087-exec-9] com.bots.bots.controller.InicioController.webHook()
INFO: Message Text#:Si
2018-03-13 11:42:57 [http-nio-8087-exec-9] com.bots.bots.controller.InicioController.webHook()
INFO: Quick Reply Payload#:guarda_tarjeta_approved_click
2018-03-13 11:43:13 [http-nio-8087-exec-7] com.bots.bots.controller.InicioController.webHook()
INFO: User ID#:1809264795810706
2018-03-13 11:43:13 [http-nio-8087-exec-7] com.bots.bots.controller.InicioController.webHook()
INFO: Page ID#:196856110912106
2018-03-13 11:43:13 [http-nio-8087-exec-7] com.bots.bots.controller.InicioController.webHook()
INFO: Message ID#:mid.$cAADp_rPrQEZoUbpfZ1iIHUXuJFPZ
2018-03-13 11:43:13 [http-nio-8087-exec-7] com.bots.bots.controller.InicioController.webHook()
INFO: Message Text#:Si
2018-03-13 11:43:13 [http-nio-8087-exec-7] com.bots.bots.controller.InicioController.webHook()
INFO: Quick Reply Payload#:guarda_tarjeta_approved_click
2018-03-13 11:44:25 [http-nio-8087-exec-10] com.bots.bots.controller.InicioController.webHook()
INFO: User ID#:1809264795810706
2018-03-13 11:44:25 [http-nio-8087-exec-10] com.bots.bots.controller.InicioController.webHook()
INFO: Page ID#:196856110912106
2018-03-13 11:44:25 [http-nio-8087-exec-10] com.bots.bots.controller.InicioController.webHook()
INFO: Message ID#:mid.$cAADp_rPrQEZoUbpfZ1iIHUXuJFPZ
2018-03-13 11:44:25 [http-nio-8087-exec-10] com.bots.bots.controller.InicioController.webHook()
INFO: Message Text#:Si
2018-03-13 11:44:25 [http-nio-8087-exec-10] com.bots.bots.controller.InicioController.webHook()
INFO: Quick Reply Payload#:guarda_tarjeta_approved_click
2018-03-13 11:45:41 [http-nio-8087-exec-2] com.bots.bots.controller.InicioController.webHook()
INFO: User ID#:1809264795810706
2018-03-13 11:45:41 [http-nio-8087-exec-2] com.bots.bots.controller.InicioController.webHook()
INFO: Page ID#:196856110912106
2018-03-13 11:45:41 [http-nio-8087-exec-2] com.bots.bots.controller.InicioController.webHook()
INFO: Message ID#:mid.$cAADp_rPrQEZoUbpfZ1iIHUXuJFPZ
2018-03-13 11:45:41 [http-nio-8087-exec-2] com.bots.bots.controller.InicioController.webHook()
INFO: Message Text#:Si
2018-03-13 11:45:41 [http-nio-8087-exec-2] com.bots.bots.controller.InicioController.webHook()
INFO: Quick Reply Payload#:guarda_tarjeta_approved_click
2018-03-13 11:46:58 [http-nio-8087-exec-10] com.bots.bots.controller.InicioController.webHook()
INFO: User ID#:1809264795810706
2018-03-13 11:46:58 [http-nio-8087-exec-10] com.bots.bots.controller.InicioController.webHook()
INFO: Page ID#:196856110912106
2018-03-13 11:46:58 [http-nio-8087-exec-10] com.bots.bots.controller.InicioController.webHook()
INFO: Message ID#:mid.$cAADp_rPrQEZoUbpfZ1iIHUXuJFPZ
2018-03-13 11:46:58 [http-nio-8087-exec-10] com.bots.bots.controller.InicioController.webHook()
INFO: Message Text#:Si
2018-03-13 11:46:58 [http-nio-8087-exec-10] com.bots.bots.controller.InicioController.webHook()
INFO: Quick Reply Payload#:guarda_tarjeta_approved_click
2018-03-13 11:48:17 [http-nio-8087-exec-2] com.bots.bots.controller.InicioController.webHook()
INFO: User ID#:1809264795810706
2018-03-13 11:48:17 [http-nio-8087-exec-2] com.bots.bots.controller.InicioController.webHook()
INFO: Page ID#:196856110912106
2018-03-13 11:48:17 [http-nio-8087-exec-2] com.bots.bots.controller.InicioController.webHook()
INFO: Message ID#:mid.$cAADp_rPrQEZoUbpfZ1iIHUXuJFPZ
2018-03-13 11:48:17 [http-nio-8087-exec-2] com.bots.bots.controller.InicioController.webHook()
INFO: Message Text#:Si
2018-03-13 11:48:17 [http-nio-8087-exec-2] com.bots.bots.controller.InicioController.webHook()
INFO: Quick Reply Payload#:guarda_tarjeta_approved_click
2018-03-13 11:49:43 [http-nio-8087-exec-6] com.bots.bots.controller.InicioController.webHook()
INFO: User ID#:1809264795810706
2018-03-13 11:49:43 [http-nio-8087-exec-6] com.bots.bots.controller.InicioController.webHook()
INFO: Page ID#:196856110912106
2018-03-13 11:49:43 [http-nio-8087-exec-6] com.bots.bots.controller.InicioController.webHook()
INFO: Message ID#:mid.$cAADp_rPrQEZoUbpfZ1iIHUXuJFPZ
2018-03-13 11:49:43 [http-nio-8087-exec-6] com.bots.bots.controller.InicioController.webHook()
INFO: Message Text#:Si
2018-03-13 11:49:43 [http-nio-8087-exec-6] com.bots.bots.controller.InicioController.webHook()
INFO: Quick Reply Payload#:guarda_tarjeta_approved_click
2018-03-13 11:50:56 [http-nio-8087-exec-7] com.bots.bots.controller.InicioController.webHook()
INFO: User ID#:1809264795810706
2018-03-13 11:50:56 [http-nio-8087-exec-7] com.bots.bots.controller.InicioController.webHook()
INFO: Page ID#:196856110912106
2018-03-13 11:50:56 [http-nio-8087-exec-7] com.bots.bots.controller.InicioController.webHook()
INFO: Message ID#:mid.$cAADp_rPrQEZoUbpfZ1iIHUXuJFPZ
2018-03-13 11:50:56 [http-nio-8087-exec-7] com.bots.bots.controller.InicioController.webHook()
INFO: Message Text#:Si
2018-03-13 11:50:56 [http-nio-8087-exec-7] com.bots.bots.controller.InicioController.webHook()
INFO: Quick Reply Payload#:guarda_tarjeta_approved_click
2018-03-13 11:52:12 [http-nio-8087-exec-5] com.bots.bots.controller.InicioController.webHook()
INFO: User ID#:1809264795810706
2018-03-13 11:52:12 [http-nio-8087-exec-5] com.bots.bots.controller.InicioController.webHook()
INFO: Page ID#:196856110912106
2018-03-13 11:52:12 [http-nio-8087-exec-5] com.bots.bots.controller.InicioController.webHook()
INFO: Message ID#:mid.$cAADp_rPrQEZoUbpfZ1iIHUXuJFPZ
2018-03-13 11:52:12 [http-nio-8087-exec-5] com.bots.bots.controller.InicioController.webHook()
INFO: Message Text#:Si
2018-03-13 11:52:12 [http-nio-8087-exec-5] com.bots.bots.controller.InicioController.webHook()
INFO: Quick Reply Payload#:guarda_tarjeta_approved_click
2018-03-13 11:53:37 [http-nio-8087-exec-8] com.bots.bots.controller.InicioController.webHook()
INFO: User ID#:1809264795810706
2018-03-13 11:53:37 [http-nio-8087-exec-8] com.bots.bots.controller.InicioController.webHook()
INFO: Page ID#:196856110912106
2018-03-13 11:53:37 [http-nio-8087-exec-8] com.bots.bots.controller.InicioController.webHook()
INFO: Message ID#:mid.$cAADp_rPrQEZoUbpfZ1iIHUXuJFPZ
2018-03-13 11:53:37 [http-nio-8087-exec-8] com.bots.bots.controller.InicioController.webHook()
INFO: Message Text#:Si
2018-03-13 11:53:37 [http-nio-8087-exec-8] com.bots.bots.controller.InicioController.webHook()
INFO: Quick Reply Payload#:guarda_tarjeta_approved_click
2018-03-13 11:54:51 [http-nio-8087-exec-5] com.bots.bots.controller.InicioController.webHook()
INFO: User ID#:1809264795810706
2018-03-13 11:54:51 [http-nio-8087-exec-5] com.bots.bots.controller.InicioController.webHook()
INFO: Page ID#:196856110912106
2018-03-13 11:54:51 [http-nio-8087-exec-5] com.bots.bots.controller.InicioController.webHook()
INFO: Message ID#:mid.$cAADp_rPrQEZoUbpfZ1iIHUXuJFPZ
2018-03-13 11:54:51 [http-nio-8087-exec-5] com.bots.bots.controller.InicioController.webHook()
INFO: Message Text#:Si
2018-03-13 11:54:51 [http-nio-8087-exec-5] com.bots.bots.controller.InicioController.webHook()
INFO: Quick Reply Payload#:guarda_tarjeta_approved_click
2018-03-13 11:56:16 [http-nio-8087-exec-8] com.bots.bots.controller.InicioController.webHook()
INFO: User ID#:1809264795810706
2018-03-13 11:56:16 [http-nio-8087-exec-8] com.bots.bots.controller.InicioController.webHook()
INFO: Page ID#:196856110912106
2018-03-13 11:56:16 [http-nio-8087-exec-8] com.bots.bots.controller.InicioController.webHook()
INFO: Message ID#:mid.$cAADp_rPrQEZoUbpfZ1iIHUXuJFPZ
2018-03-13 11:56:16 [http-nio-8087-exec-8] com.bots.bots.controller.InicioController.webHook()
INFO: Message Text#:Si
2018-03-13 11:56:16 [http-nio-8087-exec-8] com.bots.bots.controller.InicioController.webHook()
INFO: Quick Reply Payload#:guarda_tarjeta_approved_click
2018-03-13 11:57:36 [http-nio-8087-exec-6] com.bots.bots.controller.InicioController.webHook()
INFO: User ID#:1809264795810706
2018-03-13 11:57:36 [http-nio-8087-exec-6] com.bots.bots.controller.InicioController.webHook()
INFO: Page ID#:196856110912106
2018-03-13 11:57:36 [http-nio-8087-exec-6] com.bots.bots.controller.InicioController.webHook()
INFO: Message ID#:mid.$cAADp_rPrQEZoUbpfZ1iIHUXuJFPZ
2018-03-13 11:57:36 [http-nio-8087-exec-6] com.bots.bots.controller.InicioController.webHook()
INFO: Message Text#:Si
2018-03-13 11:57:36 [http-nio-8087-exec-6] com.bots.bots.controller.InicioController.webHook()
INFO: Quick Reply Payload#:guarda_tarjeta_approved_click
2018-03-13 11:58:52 [http-nio-8087-exec-8] com.bots.bots.controller.InicioController.webHook()
INFO: User ID#:1809264795810706
2018-03-13 11:58:52 [http-nio-8087-exec-8] com.bots.bots.controller.InicioController.webHook()
INFO: Page ID#:196856110912106
2018-03-13 11:58:52 [http-nio-8087-exec-8] com.bots.bots.controller.InicioController.webHook()
INFO: Message ID#:mid.$cAADp_rPrQEZoUbpfZ1iIHUXuJFPZ
2018-03-13 11:58:52 [http-nio-8087-exec-8] com.bots.bots.controller.InicioController.webHook()
INFO: Message Text#:Si
2018-03-13 11:58:52 [http-nio-8087-exec-8] com.bots.bots.controller.InicioController.webHook()
INFO: Quick Reply Payload#:guarda_tarjeta_approved_click
2018-03-13 12:00:13 [http-nio-8087-exec-6] com.bots.bots.controller.InicioController.webHook()
INFO: User ID#:1809264795810706
2018-03-13 12:00:13 [http-nio-8087-exec-6] com.bots.bots.controller.InicioController.webHook()
INFO: Page ID#:196856110912106
2018-03-13 12:00:13 [http-nio-8087-exec-6] com.bots.bots.controller.InicioController.webHook()
INFO: Message ID#:mid.$cAADp_rPrQEZoUbpfZ1iIHUXuJFPZ
2018-03-13 12:00:13 [http-nio-8087-exec-6] com.bots.bots.controller.InicioController.webHook()
INFO: Message Text#:Si
2018-03-13 12:00:13 [http-nio-8087-exec-6] com.bots.bots.controller.InicioController.webHook()
INFO: Quick Reply Payload#:guarda_tarjeta_approved_click
2018-03-13 12:01:31 [http-nio-8087-exec-4] com.bots.bots.controller.InicioController.webHook()
INFO: User ID#:1809264795810706
2018-03-13 12:01:31 [http-nio-8087-exec-4] com.bots.bots.controller.InicioController.webHook()
INFO: Page ID#:196856110912106
2018-03-13 12:01:31 [http-nio-8087-exec-4] com.bots.bots.controller.InicioController.webHook()
INFO: Message ID#:mid.$cAADp_rPrQEZoUbpfZ1iIHUXuJFPZ
2018-03-13 12:01:31 [http-nio-8087-exec-4] com.bots.bots.controller.InicioController.webHook()
INFO: Message Text#:Si
2018-03-13 12:01:31 [http-nio-8087-exec-4] com.bots.bots.controller.InicioController.webHook()
INFO: Quick Reply Payload#:guarda_tarjeta_approved_click
2018-03-13 12:02:46 [http-nio-8087-exec-9] com.bots.bots.controller.InicioController.webHook()
INFO: User ID#:1809264795810706
2018-03-13 12:02:46 [http-nio-8087-exec-9] com.bots.bots.controller.InicioController.webHook()
INFO: Page ID#:196856110912106
2018-03-13 12:02:46 [http-nio-8087-exec-9] com.bots.bots.controller.InicioController.webHook()
INFO: Message ID#:mid.$cAADp_rPrQEZoUbpfZ1iIHUXuJFPZ
2018-03-13 12:02:46 [http-nio-8087-exec-9] com.bots.bots.controller.InicioController.webHook()
INFO: Message Text#:Si
2018-03-13 12:02:46 [http-nio-8087-exec-9] com.bots.bots.controller.InicioController.webHook()
INFO: Quick Reply Payload#:guarda_tarjeta_approved_click
2018-03-13 12:03:58 [http-nio-8087-exec-2] com.bots.bots.controller.InicioController.webHook()
INFO: User ID#:1809264795810706
2018-03-13 12:03:58 [http-nio-8087-exec-2] com.bots.bots.controller.InicioController.webHook()
INFO: Page ID#:196856110912106
2018-03-13 12:03:58 [http-nio-8087-exec-2] com.bots.bots.controller.InicioController.webHook()
INFO: Message ID#:mid.$cAADp_rPrQEZoUbpfZ1iIHUXuJFPZ
2018-03-13 12:03:58 [http-nio-8087-exec-2] com.bots.bots.controller.InicioController.webHook()
INFO: Message Text#:Si
2018-03-13 12:03:58 [http-nio-8087-exec-2] com.bots.bots.controller.InicioController.webHook()
INFO: Quick Reply Payload#:guarda_tarjeta_approved_click
2018-03-13 12:05:16 [http-nio-8087-exec-9] com.bots.bots.controller.InicioController.webHook()
INFO: User ID#:1809264795810706
2018-03-13 12:05:16 [http-nio-8087-exec-9] com.bots.bots.controller.InicioController.webHook()
INFO: Page ID#:196856110912106
2018-03-13 12:05:16 [http-nio-8087-exec-9] com.bots.bots.controller.InicioController.webHook()
INFO: Message ID#:mid.$cAADp_rPrQEZoUbpfZ1iIHUXuJFPZ
2018-03-13 12:05:16 [http-nio-8087-exec-9] com.bots.bots.controller.InicioController.webHook()
INFO: Message Text#:Si
2018-03-13 12:05:16 [http-nio-8087-exec-9] com.bots.bots.controller.InicioController.webHook()
INFO: Quick Reply Payload#:guarda_tarjeta_approved_click
2018-03-13 12:06:40 [http-nio-8087-exec-1] com.bots.bots.controller.InicioController.webHook()
INFO: User ID#:1809264795810706
2018-03-13 12:06:40 [http-nio-8087-exec-1] com.bots.bots.controller.InicioController.webHook()
INFO: Page ID#:196856110912106
2018-03-13 12:06:40 [http-nio-8087-exec-1] com.bots.bots.controller.InicioController.webHook()
INFO: Message ID#:mid.$cAADp_rPrQEZoUbpfZ1iIHUXuJFPZ
2018-03-13 12:06:40 [http-nio-8087-exec-1] com.bots.bots.controller.InicioController.webHook()
INFO: Message Text#:Si
2018-03-13 12:06:40 [http-nio-8087-exec-1] com.bots.bots.controller.InicioController.webHook()
INFO: Quick Reply Payload#:guarda_tarjeta_approved_click
2018-03-13 12:07:52 [http-nio-8087-exec-8] com.bots.bots.controller.InicioController.webHook()
INFO: User ID#:1809264795810706
2018-03-13 12:07:52 [http-nio-8087-exec-8] com.bots.bots.controller.InicioController.webHook()
INFO: Page ID#:196856110912106
2018-03-13 12:07:52 [http-nio-8087-exec-8] com.bots.bots.controller.InicioController.webHook()
INFO: Message ID#:mid.$cAADp_rPrQEZoUbpfZ1iIHUXuJFPZ
2018-03-13 12:07:52 [http-nio-8087-exec-8] com.bots.bots.controller.InicioController.webHook()
INFO: Message Text#:Si
2018-03-13 12:07:52 [http-nio-8087-exec-8] com.bots.bots.controller.InicioController.webHook()
INFO: Quick Reply Payload#:guarda_tarjeta_approved_click
2018-03-13 12:09:06 [http-nio-8087-exec-1] com.bots.bots.controller.InicioController.webHook()
INFO: User ID#:1809264795810706
2018-03-13 12:09:06 [http-nio-8087-exec-1] com.bots.bots.controller.InicioController.webHook()
INFO: Page ID#:196856110912106
2018-03-13 12:09:06 [http-nio-8087-exec-1] com.bots.bots.controller.InicioController.webHook()
INFO: Message ID#:mid.$cAADp_rPrQEZoUbpfZ1iIHUXuJFPZ
2018-03-13 12:09:06 [http-nio-8087-exec-1] com.bots.bots.controller.InicioController.webHook()
INFO: Message Text#:Si
2018-03-13 12:09:06 [http-nio-8087-exec-1] com.bots.bots.controller.InicioController.webHook()
INFO: Quick Reply Payload#:guarda_tarjeta_approved_click
2018-03-13 12:10:24 [http-nio-8087-exec-8] com.bots.bots.controller.InicioController.webHook()
INFO: User ID#:1809264795810706
2018-03-13 12:10:24 [http-nio-8087-exec-8] com.bots.bots.controller.InicioController.webHook()
INFO: Page ID#:196856110912106
2018-03-13 12:10:24 [http-nio-8087-exec-8] com.bots.bots.controller.InicioController.webHook()
INFO: Message ID#:mid.$cAADp_rPrQEZoUbpfZ1iIHUXuJFPZ
2018-03-13 12:10:24 [http-nio-8087-exec-8] com.bots.bots.controller.InicioController.webHook()
INFO: Message Text#:Si
2018-03-13 12:10:24 [http-nio-8087-exec-8] com.bots.bots.controller.InicioController.webHook()
INFO: Quick Reply Payload#:guarda_tarjeta_approved_click
2018-03-13 12:11:38 [http-nio-8087-exec-1] com.bots.bots.controller.InicioController.webHook()
INFO: User ID#:1809264795810706
2018-03-13 12:11:38 [http-nio-8087-exec-1] com.bots.bots.controller.InicioController.webHook()
INFO: Page ID#:196856110912106
2018-03-13 12:11:38 [http-nio-8087-exec-1] com.bots.bots.controller.InicioController.webHook()
INFO: Message ID#:mid.$cAADp_rPrQEZoUbpfZ1iIHUXuJFPZ
2018-03-13 12:11:38 [http-nio-8087-exec-1] com.bots.bots.controller.InicioController.webHook()
INFO: Message Text#:Si
2018-03-13 12:11:38 [http-nio-8087-exec-1] com.bots.bots.controller.InicioController.webHook()
INFO: Quick Reply Payload#:guarda_tarjeta_approved_click
2018-03-13 12:13:04 [http-nio-8087-exec-6] com.bots.bots.controller.InicioController.webHook()
INFO: User ID#:1809264795810706
2018-03-13 12:13:04 [http-nio-8087-exec-6] com.bots.bots.controller.InicioController.webHook()
INFO: Page ID#:196856110912106
2018-03-13 12:13:04 [http-nio-8087-exec-6] com.bots.bots.controller.InicioController.webHook()
INFO: Message ID#:mid.$cAADp_rPrQEZoUbpfZ1iIHUXuJFPZ
2018-03-13 12:13:04 [http-nio-8087-exec-6] com.bots.bots.controller.InicioController.webHook()
INFO: Message Text#:Si
2018-03-13 12:13:04 [http-nio-8087-exec-6] com.bots.bots.controller.InicioController.webHook()
INFO: Quick Reply Payload#:guarda_tarjeta_approved_click
2018-03-13 12:14:19 [http-nio-8087-exec-1] com.bots.bots.controller.InicioController.webHook()
INFO: User ID#:1809264795810706
2018-03-13 12:14:19 [http-nio-8087-exec-1] com.bots.bots.controller.InicioController.webHook()
INFO: Page ID#:196856110912106
2018-03-13 12:14:19 [http-nio-8087-exec-1] com.bots.bots.controller.InicioController.webHook()
INFO: Message ID#:mid.$cAADp_rPrQEZoUbpfZ1iIHUXuJFPZ
2018-03-13 12:14:19 [http-nio-8087-exec-1] com.bots.bots.controller.InicioController.webHook()
INFO: Message Text#:Si
2018-03-13 12:14:19 [http-nio-8087-exec-1] com.bots.bots.controller.InicioController.webHook()
INFO: Quick Reply Payload#:guarda_tarjeta_approved_click
2018-03-13 12:15:38 [http-nio-8087-exec-6] com.bots.bots.controller.InicioController.webHook()
INFO: User ID#:1809264795810706
2018-03-13 12:15:38 [http-nio-8087-exec-6] com.bots.bots.controller.InicioController.webHook()
INFO: Page ID#:196856110912106
2018-03-13 12:15:38 [http-nio-8087-exec-6] com.bots.bots.controller.InicioController.webHook()
INFO: Message ID#:mid.$cAADp_rPrQEZoUbpfZ1iIHUXuJFPZ
2018-03-13 12:15:38 [http-nio-8087-exec-6] com.bots.bots.controller.InicioController.webHook()
INFO: Message Text#:Si
2018-03-13 12:15:38 [http-nio-8087-exec-6] com.bots.bots.controller.InicioController.webHook()
INFO: Quick Reply Payload#:guarda_tarjeta_approved_click
2018-03-13 12:16:49 [http-nio-8087-exec-1] com.bots.bots.controller.InicioController.webHook()
INFO: User ID#:1809264795810706
2018-03-13 12:16:49 [http-nio-8087-exec-1] com.bots.bots.controller.InicioController.webHook()
INFO: Page ID#:196856110912106
2018-03-13 12:16:49 [http-nio-8087-exec-1] com.bots.bots.controller.InicioController.webHook()
INFO: Message ID#:mid.$cAADp_rPrQEZoUbpfZ1iIHUXuJFPZ
2018-03-13 12:16:49 [http-nio-8087-exec-1] com.bots.bots.controller.InicioController.webHook()
INFO: Message Text#:Si
2018-03-13 12:16:49 [http-nio-8087-exec-1] com.bots.bots.controller.InicioController.webHook()
INFO: Quick Reply Payload#:guarda_tarjeta_approved_click
2018-03-13 12:18:16 [http-nio-8087-exec-6] com.bots.bots.controller.InicioController.webHook()
INFO: User ID#:1809264795810706
2018-03-13 12:18:16 [http-nio-8087-exec-6] com.bots.bots.controller.InicioController.webHook()
INFO: Page ID#:196856110912106
2018-03-13 12:18:16 [http-nio-8087-exec-6] com.bots.bots.controller.InicioController.webHook()
INFO: Message ID#:mid.$cAADp_rPrQEZoUbpfZ1iIHUXuJFPZ
2018-03-13 12:18:16 [http-nio-8087-exec-6] com.bots.bots.controller.InicioController.webHook()
INFO: Message Text#:Si
2018-03-13 12:18:16 [http-nio-8087-exec-6] com.bots.bots.controller.InicioController.webHook()
INFO: Quick Reply Payload#:guarda_tarjeta_approved_click
2018-03-13 12:19:38 [http-nio-8087-exec-1] com.bots.bots.controller.InicioController.webHook()
INFO: User ID#:1809264795810706
2018-03-13 12:19:38 [http-nio-8087-exec-1] com.bots.bots.controller.InicioController.webHook()
INFO: Page ID#:196856110912106
2018-03-13 12:19:38 [http-nio-8087-exec-1] com.bots.bots.controller.InicioController.webHook()
INFO: Message ID#:mid.$cAADp_rPrQEZoUbpfZ1iIHUXuJFPZ
2018-03-13 12:19:38 [http-nio-8087-exec-1] com.bots.bots.controller.InicioController.webHook()
INFO: Message Text#:Si
2018-03-13 12:19:38 [http-nio-8087-exec-1] com.bots.bots.controller.InicioController.webHook()
INFO: Quick Reply Payload#:guarda_tarjeta_approved_click
2018-03-13 12:20:49 [http-nio-8087-exec-7] com.bots.bots.controller.InicioController.webHook()
INFO: User ID#:1809264795810706
2018-03-13 12:20:49 [http-nio-8087-exec-7] com.bots.bots.controller.InicioController.webHook()
INFO: Page ID#:196856110912106
2018-03-13 12:20:49 [http-nio-8087-exec-7] com.bots.bots.controller.InicioController.webHook()
INFO: Message ID#:mid.$cAADp_rPrQEZoUbpfZ1iIHUXuJFPZ
2018-03-13 12:20:49 [http-nio-8087-exec-7] com.bots.bots.controller.InicioController.webHook()
INFO: Message Text#:Si
2018-03-13 12:20:49 [http-nio-8087-exec-7] com.bots.bots.controller.InicioController.webHook()
INFO: Quick Reply Payload#:guarda_tarjeta_approved_click
2018-03-13 12:22:15 [http-nio-8087-exec-1] com.bots.bots.controller.InicioController.webHook()
INFO: User ID#:1809264795810706
2018-03-13 12:22:15 [http-nio-8087-exec-1] com.bots.bots.controller.InicioController.webHook()
INFO: Page ID#:196856110912106
2018-03-13 12:22:15 [http-nio-8087-exec-1] com.bots.bots.controller.InicioController.webHook()
INFO: Message ID#:mid.$cAADp_rPrQEZoUbpfZ1iIHUXuJFPZ
2018-03-13 12:22:15 [http-nio-8087-exec-1] com.bots.bots.controller.InicioController.webHook()
INFO: Message Text#:Si
2018-03-13 12:22:15 [http-nio-8087-exec-1] com.bots.bots.controller.InicioController.webHook()
INFO: Quick Reply Payload#:guarda_tarjeta_approved_click
2018-03-13 12:23:34 [http-nio-8087-exec-9] com.bots.bots.controller.InicioController.webHook()
INFO: User ID#:1809264795810706
2018-03-13 12:23:34 [http-nio-8087-exec-9] com.bots.bots.controller.InicioController.webHook()
INFO: Page ID#:196856110912106
2018-03-13 12:23:34 [http-nio-8087-exec-9] com.bots.bots.controller.InicioController.webHook()
INFO: Message ID#:mid.$cAADp_rPrQEZoUbpfZ1iIHUXuJFPZ
2018-03-13 12:23:34 [http-nio-8087-exec-9] com.bots.bots.controller.InicioController.webHook()
INFO: Message Text#:Si
2018-03-13 12:23:34 [http-nio-8087-exec-9] com.bots.bots.controller.InicioController.webHook()
INFO: Quick Reply Payload#:guarda_tarjeta_approved_click
2018-03-13 12:24:55 [http-nio-8087-exec-1] com.bots.bots.controller.InicioController.webHook()
INFO: User ID#:1809264795810706
2018-03-13 12:24:55 [http-nio-8087-exec-1] com.bots.bots.controller.InicioController.webHook()
INFO: Page ID#:196856110912106
2018-03-13 12:24:55 [http-nio-8087-exec-1] com.bots.bots.controller.InicioController.webHook()
INFO: Message ID#:mid.$cAADp_rPrQEZoUbpfZ1iIHUXuJFPZ
2018-03-13 12:24:55 [http-nio-8087-exec-1] com.bots.bots.controller.InicioController.webHook()
INFO: Message Text#:Si
2018-03-13 12:24:55 [http-nio-8087-exec-1] com.bots.bots.controller.InicioController.webHook()
INFO: Quick Reply Payload#:guarda_tarjeta_approved_click
2018-03-13 12:26:09 [http-nio-8087-exec-2] com.bots.bots.controller.InicioController.webHook()
INFO: User ID#:1809264795810706
2018-03-13 12:26:09 [http-nio-8087-exec-2] com.bots.bots.controller.InicioController.webHook()
INFO: Page ID#:196856110912106
2018-03-13 12:26:09 [http-nio-8087-exec-2] com.bots.bots.controller.InicioController.webHook()
INFO: Message ID#:mid.$cAADp_rPrQEZoUbpfZ1iIHUXuJFPZ
2018-03-13 12:26:09 [http-nio-8087-exec-2] com.bots.bots.controller.InicioController.webHook()
INFO: Message Text#:Si
2018-03-13 12:26:09 [http-nio-8087-exec-2] com.bots.bots.controller.InicioController.webHook()
INFO: Quick Reply Payload#:guarda_tarjeta_approved_click
2018-03-13 12:27:22 [http-nio-8087-exec-7] com.bots.bots.controller.InicioController.webHook()
INFO: User ID#:1809264795810706
2018-03-13 12:27:22 [http-nio-8087-exec-7] com.bots.bots.controller.InicioController.webHook()
INFO: Page ID#:196856110912106
2018-03-13 12:27:22 [http-nio-8087-exec-7] com.bots.bots.controller.InicioController.webHook()
INFO: Message ID#:mid.$cAADp_rPrQEZoUbpfZ1iIHUXuJFPZ
2018-03-13 12:27:22 [http-nio-8087-exec-7] com.bots.bots.controller.InicioController.webHook()
INFO: Message Text#:Si
2018-03-13 12:27:22 [http-nio-8087-exec-7] com.bots.bots.controller.InicioController.webHook()
INFO: Quick Reply Payload#:guarda_tarjeta_approved_click
2018-03-13 12:28:45 [http-nio-8087-exec-1] com.bots.bots.controller.InicioController.webHook()
INFO: User ID#:1809264795810706
2018-03-13 12:28:45 [http-nio-8087-exec-1] com.bots.bots.controller.InicioController.webHook()
INFO: Page ID#:196856110912106
2018-03-13 12:28:45 [http-nio-8087-exec-1] com.bots.bots.controller.InicioController.webHook()
INFO: Message ID#:mid.$cAADp_rPrQEZoUbpfZ1iIHUXuJFPZ
2018-03-13 12:28:45 [http-nio-8087-exec-1] com.bots.bots.controller.InicioController.webHook()
INFO: Message Text#:Si
2018-03-13 12:28:45 [http-nio-8087-exec-1] com.bots.bots.controller.InicioController.webHook()
INFO: Quick Reply Payload#:guarda_tarjeta_approved_click
2018-03-13 12:29:57 [http-nio-8087-exec-9] com.bots.bots.controller.InicioController.webHook()
INFO: User ID#:1809264795810706
2018-03-13 12:29:57 [http-nio-8087-exec-9] com.bots.bots.controller.InicioController.webHook()
INFO: Page ID#:196856110912106
2018-03-13 12:29:57 [http-nio-8087-exec-9] com.bots.bots.controller.InicioController.webHook()
INFO: Message ID#:mid.$cAADp_rPrQEZoUbpfZ1iIHUXuJFPZ
2018-03-13 12:29:57 [http-nio-8087-exec-9] com.bots.bots.controller.InicioController.webHook()
INFO: Message Text#:Si
2018-03-13 12:29:57 [http-nio-8087-exec-9] com.bots.bots.controller.InicioController.webHook()
INFO: Quick Reply Payload#:guarda_tarjeta_approved_click
2018-03-13 12:31:12 [http-nio-8087-exec-1] com.bots.bots.controller.InicioController.webHook()
INFO: User ID#:1809264795810706
2018-03-13 12:31:12 [http-nio-8087-exec-1] com.bots.bots.controller.InicioController.webHook()
INFO: Page ID#:196856110912106
2018-03-13 12:31:12 [http-nio-8087-exec-1] com.bots.bots.controller.InicioController.webHook()
INFO: Message ID#:mid.$cAADp_rPrQEZoUbpfZ1iIHUXuJFPZ
2018-03-13 12:31:12 [http-nio-8087-exec-1] com.bots.bots.controller.InicioController.webHook()
INFO: Message Text#:Si
2018-03-13 12:31:12 [http-nio-8087-exec-1] com.bots.bots.controller.InicioController.webHook()
INFO: Quick Reply Payload#:guarda_tarjeta_approved_click
2018-03-13 12:32:29 [http-nio-8087-exec-9] com.bots.bots.controller.InicioController.webHook()
INFO: User ID#:1809264795810706
2018-03-13 12:32:29 [http-nio-8087-exec-9] com.bots.bots.controller.InicioController.webHook()
INFO: Page ID#:196856110912106
2018-03-13 12:32:29 [http-nio-8087-exec-9] com.bots.bots.controller.InicioController.webHook()
INFO: Message ID#:mid.$cAADp_rPrQEZoUbpfZ1iIHUXuJFPZ
2018-03-13 12:32:29 [http-nio-8087-exec-9] com.bots.bots.controller.InicioController.webHook()
INFO: Message Text#:Si
2018-03-13 12:32:29 [http-nio-8087-exec-9] com.bots.bots.controller.InicioController.webHook()
INFO: Quick Reply Payload#:guarda_tarjeta_approved_click
