2018-04-10 12:57:23 [http-nio-8087-exec-5] com.clivern.racter.receivers.VerifyWebhook.challenge()
INFO: Verify token validated successfully.
2018-04-10 13:04:09 [http-nio-8087-exec-8] com.clivern.racter.receivers.VerifyWebhook.challenge()
ERROR: Error validating verify token.
2018-04-10 13:09:11 [http-nio-8087-exec-10] com.clivern.racter.receivers.VerifyWebhook.challenge()
ERROR: Error validating verify token.
2018-04-10 15:26:10 [main] com.clivern.racter.receivers.VerifyWebhook.challenge()
ERROR: Error validating verify token.
2018-04-10 15:46:08 [main] com.clivern.racter.receivers.VerifyWebhook.challenge()
INFO: Verify token validated successfully.
2018-04-10 16:13:41 [main] com.clivern.racter.receivers.VerifyWebhook.challenge()
INFO: Verify token validated successfully.
2018-04-10 16:14:11 [http-nio-8087-exec-1] com.clivern.racter.senders.BaseSender.send()
INFO: curl -X POST -H "Content-Type: application/json" -d '{"recipient": {"id": "1809264795810706"},"message": {"text": "Hola amigo, ¿en qué puedo ayudarte?","quick_replies":[{"content_type":"text","title":"Consulta saldo","payload":"consulta_saldo_click"},{"content_type":"text","title":"Transferencia","payload":"transferencia_click"},{"content_type":"text","title":"Agregar tarjeta","payload":"add_tarjeta_click"},{"content_type":"text","title":"Eliminar tarjeta","payload":"delete_tarjeta_click"}]}}' "https://graph.facebook.com/v2.6/me/messages?access_token=EAAd1oZBvQLyABABTKpP0eQrwfsiwwcZAKbIcHmJokT26IUkWpMSKO75DGTnCcazUXuda36uzDMGt6oQAtnSgd5udAvZAHVBqSmp8aVqD7Qztx8B7eGHQMCRwA4wj1yxV5gB7mUZC7xjJYuP0cqmsypG51snmfHidIeKirAw6rMQx8mL9Izqr"
2018-04-10 16:15:03 [http-nio-8087-exec-9] com.clivern.racter.senders.BaseSender.send()
INFO: curl -X POST -H "Content-Type: application/json" -d '{"recipient": {"id": "1809264795810706"},"message": {"text": "No te tengo en registro, ¿Cuál es tu banco?","quick_replies":[{"content_type":"text","title":"Banamex","payload":"select_banco_banamex_click"},{"content_type":"text","title":"Bancomer","payload":"select_banco_bancomer_click"}]}}' "https://graph.facebook.com/v2.6/me/messages?access_token=EAAd1oZBvQLyABABTKpP0eQrwfsiwwcZAKbIcHmJokT26IUkWpMSKO75DGTnCcazUXuda36uzDMGt6oQAtnSgd5udAvZAHVBqSmp8aVqD7Qztx8B7eGHQMCRwA4wj1yxV5gB7mUZC7xjJYuP0cqmsypG51snmfHidIeKirAw6rMQx8mL9Izqr"
2018-04-10 16:15:17 [http-nio-8087-exec-10] com.clivern.racter.senders.BaseSender.send()
INFO: curl -X POST -H "Content-Type: application/json" -d '{"recipient": {"id": "1809264795810706"},"message": {"text": "Dame tu número de cuenta Banamex y tu clave de acceso separado por espacio"}}' "https://graph.facebook.com/v2.6/me/messages?access_token=EAAd1oZBvQLyABABTKpP0eQrwfsiwwcZAKbIcHmJokT26IUkWpMSKO75DGTnCcazUXuda36uzDMGt6oQAtnSgd5udAvZAHVBqSmp8aVqD7Qztx8B7eGHQMCRwA4wj1yxV5gB7mUZC7xjJYuP0cqmsypG51snmfHidIeKirAw6rMQx8mL9Izqr"
2018-04-10 16:16:15 [http-nio-8087-exec-1] com.clivern.racter.senders.BaseSender.send()
INFO: curl -X POST -H "Content-Type: application/json" -d '{"recipient": {"id": "1809264795810706"},"message": {"text": "Hola amigo, ¿en qué puedo ayudarte?","quick_replies":[{"content_type":"text","title":"Consulta saldo","payload":"consulta_saldo_click"},{"content_type":"text","title":"Transferencia","payload":"transferencia_click"},{"content_type":"text","title":"Agregar tarjeta","payload":"add_tarjeta_click"},{"content_type":"text","title":"Eliminar tarjeta","payload":"delete_tarjeta_click"}]}}' "https://graph.facebook.com/v2.6/me/messages?access_token=EAAd1oZBvQLyABABTKpP0eQrwfsiwwcZAKbIcHmJokT26IUkWpMSKO75DGTnCcazUXuda36uzDMGt6oQAtnSgd5udAvZAHVBqSmp8aVqD7Qztx8B7eGHQMCRwA4wj1yxV5gB7mUZC7xjJYuP0cqmsypG51snmfHidIeKirAw6rMQx8mL9Izqr"
2018-04-10 16:52:53 [main] com.clivern.racter.senders.BaseSender.send()
INFO: curl -X POST -H "Content-Type: application/json" -d '{"recipient": {"id": "1809264795810706"},"message": {"text": "Hola amigo, ¿en qué puedo ayudarte?","quick_replies":[{"content_type":"text","title":"Consulta saldo","payload":"consulta_saldo_click"},{"content_type":"text","title":"Transferencia","payload":"transferencia_click"},{"content_type":"text","title":"Agregar tarjeta","payload":"add_tarjeta_click"},{"content_type":"text","title":"Eliminar tarjeta","payload":"delete_tarjeta_click"}]}}' "https://graph.facebook.com/v2.6/me/messages?access_token=EAAd1oZBvQLyABABTKpP0eQrwfsiwwcZAKbIcHmJokT26IUkWpMSKO75DGTnCcazUXuda36uzDMGt6oQAtnSgd5udAvZAHVBqSmp8aVqD7Qztx8B7eGHQMCRwA4wj1yxV5gB7mUZC7xjJYuP0cqmsypG51snmfHidIeKirAw6rMQx8mL9Izqr"
2018-04-10 16:52:57 [main] com.clivern.racter.receivers.VerifyWebhook.challenge()
INFO: Verify token validated successfully.
2018-04-10 16:56:52 [main] com.clivern.racter.senders.BaseSender.send()
INFO: curl -X POST -H "Content-Type: application/json" -d '{"recipient": {"id": "1809264795810706"},"message": {"text": "Hola amigo, ¿en qué puedo ayudarte?","quick_replies":[{"content_type":"text","title":"Consulta saldo","payload":"consulta_saldo_click"},{"content_type":"text","title":"Transferencia","payload":"transferencia_click"},{"content_type":"text","title":"Agregar tarjeta","payload":"add_tarjeta_click"},{"content_type":"text","title":"Eliminar tarjeta","payload":"delete_tarjeta_click"}]}}' "https://graph.facebook.com/v2.6/me/messages?access_token=EAAd1oZBvQLyABABTKpP0eQrwfsiwwcZAKbIcHmJokT26IUkWpMSKO75DGTnCcazUXuda36uzDMGt6oQAtnSgd5udAvZAHVBqSmp8aVqD7Qztx8B7eGHQMCRwA4wj1yxV5gB7mUZC7xjJYuP0cqmsypG51snmfHidIeKirAw6rMQx8mL9Izqr"
2018-04-10 16:56:52 [main] com.clivern.racter.receivers.VerifyWebhook.challenge()
INFO: Verify token validated successfully.
2018-04-10 16:58:12 [main] com.clivern.racter.senders.BaseSender.send()
INFO: curl -X POST -H "Content-Type: application/json" -d '{"recipient": {"id": "1809264795810706"},"message": {"text": "Hola amigo, ¿en qué puedo ayudarte?","quick_replies":[{"content_type":"text","title":"Consulta saldo","payload":"consulta_saldo_click"},{"content_type":"text","title":"Transferencia","payload":"transferencia_click"},{"content_type":"text","title":"Agregar tarjeta","payload":"add_tarjeta_click"},{"content_type":"text","title":"Eliminar tarjeta","payload":"delete_tarjeta_click"}]}}' "https://graph.facebook.com/v2.6/me/messages?access_token=EAAd1oZBvQLyABABTKpP0eQrwfsiwwcZAKbIcHmJokT26IUkWpMSKO75DGTnCcazUXuda36uzDMGt6oQAtnSgd5udAvZAHVBqSmp8aVqD7Qztx8B7eGHQMCRwA4wj1yxV5gB7mUZC7xjJYuP0cqmsypG51snmfHidIeKirAw6rMQx8mL9Izqr"
2018-04-10 16:58:13 [main] com.clivern.racter.receivers.VerifyWebhook.challenge()
INFO: Verify token validated successfully.
2018-04-10 17:00:19 [main] com.clivern.racter.senders.BaseSender.send()
INFO: curl -X POST -H "Content-Type: application/json" -d '{"recipient": {"id": "1809264795810706"},"message": {"text": "Hola amigo, ¿en qué puedo ayudarte?","quick_replies":[{"content_type":"text","title":"Consulta saldo","payload":"consulta_saldo_click"},{"content_type":"text","title":"Transferencia","payload":"transferencia_click"},{"content_type":"text","title":"Agregar tarjeta","payload":"add_tarjeta_click"},{"content_type":"text","title":"Eliminar tarjeta","payload":"delete_tarjeta_click"}]}}' "https://graph.facebook.com/v2.6/me/messages?access_token=EAAd1oZBvQLyABABTKpP0eQrwfsiwwcZAKbIcHmJokT26IUkWpMSKO75DGTnCcazUXuda36uzDMGt6oQAtnSgd5udAvZAHVBqSmp8aVqD7Qztx8B7eGHQMCRwA4wj1yxV5gB7mUZC7xjJYuP0cqmsypG51snmfHidIeKirAw6rMQx8mL9Izqr"
2018-04-10 17:00:20 [main] com.clivern.racter.receivers.VerifyWebhook.challenge()
INFO: Verify token validated successfully.
2018-04-10 17:02:22 [main] com.clivern.racter.senders.BaseSender.send()
INFO: curl -X POST -H "Content-Type: application/json" -d '{"recipient": {"id": "1809264795810706"},"message": {"text": "Hola amigo, ¿en qué puedo ayudarte?","quick_replies":[{"content_type":"text","title":"Consulta saldo","payload":"consulta_saldo_click"},{"content_type":"text","title":"Transferencia","payload":"transferencia_click"},{"content_type":"text","title":"Agregar tarjeta","payload":"add_tarjeta_click"},{"content_type":"text","title":"Eliminar tarjeta","payload":"delete_tarjeta_click"}]}}' "https://graph.facebook.com/v2.6/me/messages?access_token=EAAd1oZBvQLyABABTKpP0eQrwfsiwwcZAKbIcHmJokT26IUkWpMSKO75DGTnCcazUXuda36uzDMGt6oQAtnSgd5udAvZAHVBqSmp8aVqD7Qztx8B7eGHQMCRwA4wj1yxV5gB7mUZC7xjJYuP0cqmsypG51snmfHidIeKirAw6rMQx8mL9Izqr"
2018-04-10 17:02:23 [main] com.clivern.racter.receivers.VerifyWebhook.challenge()
INFO: Verify token validated successfully.
2018-04-10 17:04:48 [main] com.clivern.racter.senders.BaseSender.send()
INFO: curl -X POST -H "Content-Type: application/json" -d '{"recipient": {"id": "1809264795810706"},"message": {"text": "Hola amigo, ¿en qué puedo ayudarte?","quick_replies":[{"content_type":"text","title":"Consulta saldo","payload":"consulta_saldo_click"},{"content_type":"text","title":"Transferencia","payload":"transferencia_click"},{"content_type":"text","title":"Agregar tarjeta","payload":"add_tarjeta_click"},{"content_type":"text","title":"Eliminar tarjeta","payload":"delete_tarjeta_click"}]}}' "https://graph.facebook.com/v2.6/me/messages?access_token=EAAd1oZBvQLyABABTKpP0eQrwfsiwwcZAKbIcHmJokT26IUkWpMSKO75DGTnCcazUXuda36uzDMGt6oQAtnSgd5udAvZAHVBqSmp8aVqD7Qztx8B7eGHQMCRwA4wj1yxV5gB7mUZC7xjJYuP0cqmsypG51snmfHidIeKirAw6rMQx8mL9Izqr"
2018-04-10 17:04:49 [main] com.clivern.racter.receivers.VerifyWebhook.challenge()
INFO: Verify token validated successfully.
