2018-05-25 09:35:54 [http-nio-8087-exec-3] com.clivern.racter.receivers.VerifyWebhook.challenge()
INFO: Verify token validated successfully.
2018-05-25 11:15:09 [http-nio-8087-exec-2] com.clivern.racter.senders.BaseSender.send()
INFO: curl -X POST -H "Content-Type: application/json" -d '{"recipient": {"id": "1809264795810706"},"message": {"text": "Hola amigo, ¿en qué puedo ayudarte?","quick_replies":[{"content_type":"text","title":"Consulta saldo","payload":"consulta_saldo_click"},{"content_type":"text","title":"Transferencia","payload":"transferencia_click"},{"content_type":"text","title":"Agregar tarjeta","payload":"add_tarjeta_click"},{"content_type":"text","title":"Eliminar tarjeta","payload":"delete_tarjeta_click"}]}}' "https://graph.facebook.com/v2.6/me/messages?access_token=EAAd1oZBvQLyABABTKpP0eQrwfsiwwcZAKbIcHmJokT26IUkWpMSKO75DGTnCcazUXuda36uzDMGt6oQAtnSgd5udAvZAHVBqSmp8aVqD7Qztx8B7eGHQMCRwA4wj1yxV5gB7mUZC7xjJYuP0cqmsypG51snmfHidIeKirAw6rMQx8mL9Izqr"
2018-05-25 11:15:19 [http-nio-8087-exec-1] com.clivern.racter.senders.BaseSender.send()
INFO: curl -X POST -H "Content-Type: application/json" -d '{"recipient": {"id": "1809264795810706"},"message": {"text": "Selecciona una tarjeta"}}' "https://graph.facebook.com/v2.6/me/messages?access_token=EAAd1oZBvQLyABABTKpP0eQrwfsiwwcZAKbIcHmJokT26IUkWpMSKO75DGTnCcazUXuda36uzDMGt6oQAtnSgd5udAvZAHVBqSmp8aVqD7Qztx8B7eGHQMCRwA4wj1yxV5gB7mUZC7xjJYuP0cqmsypG51snmfHidIeKirAw6rMQx8mL9Izqr"
2018-05-25 11:15:44 [http-nio-8087-exec-10] com.clivern.racter.senders.BaseSender.send()
INFO: curl -X POST -H "Content-Type: application/json" -d '{"recipient": {"id": "1809264795810706"},"message": {"text": "Hola amigo, ¿en qué puedo ayudarte?","quick_replies":[{"content_type":"text","title":"Consulta saldo","payload":"consulta_saldo_click"},{"content_type":"text","title":"Transferencia","payload":"transferencia_click"},{"content_type":"text","title":"Agregar tarjeta","payload":"add_tarjeta_click"},{"content_type":"text","title":"Eliminar tarjeta","payload":"delete_tarjeta_click"}]}}' "https://graph.facebook.com/v2.6/me/messages?access_token=EAAd1oZBvQLyABABTKpP0eQrwfsiwwcZAKbIcHmJokT26IUkWpMSKO75DGTnCcazUXuda36uzDMGt6oQAtnSgd5udAvZAHVBqSmp8aVqD7Qztx8B7eGHQMCRwA4wj1yxV5gB7mUZC7xjJYuP0cqmsypG51snmfHidIeKirAw6rMQx8mL9Izqr"
2018-05-25 11:15:46 [http-nio-8087-exec-1] com.clivern.racter.senders.BaseSender.send()
INFO: curl -X POST -H "Content-Type: application/json" -d '{"recipient": {"id": "1809264795810706"},"message": {"text": "No te tengo en registro, ¿Cuál es tu banco?","quick_replies":[{"content_type":"text","title":"Banamex","payload":"select_banco_banamex_click"},{"content_type":"text","title":"Bancomer","payload":"select_banco_bancomer_click"}]}}' "https://graph.facebook.com/v2.6/me/messages?access_token=EAAd1oZBvQLyABABTKpP0eQrwfsiwwcZAKbIcHmJokT26IUkWpMSKO75DGTnCcazUXuda36uzDMGt6oQAtnSgd5udAvZAHVBqSmp8aVqD7Qztx8B7eGHQMCRwA4wj1yxV5gB7mUZC7xjJYuP0cqmsypG51snmfHidIeKirAw6rMQx8mL9Izqr"
2018-05-25 11:15:53 [http-nio-8087-exec-5] com.clivern.racter.senders.BaseSender.send()
INFO: curl -X POST -H "Content-Type: application/json" -d '{"recipient": {"id": "1809264795810706"},"message": {"text": "Dame tu número de cuenta Banamex y tu clave de acceso separado por espacio"}}' "https://graph.facebook.com/v2.6/me/messages?access_token=EAAd1oZBvQLyABABTKpP0eQrwfsiwwcZAKbIcHmJokT26IUkWpMSKO75DGTnCcazUXuda36uzDMGt6oQAtnSgd5udAvZAHVBqSmp8aVqD7Qztx8B7eGHQMCRwA4wj1yxV5gB7mUZC7xjJYuP0cqmsypG51snmfHidIeKirAw6rMQx8mL9Izqr"
2018-05-25 11:16:08 [http-nio-8087-exec-4] com.clivern.racter.senders.BaseSender.send()
INFO: curl -X POST -H "Content-Type: application/json" -d '{"recipient": {"id": "1809264795810706"},"message": {"text": "Tu saldo es de: 3009.54"}}' "https://graph.facebook.com/v2.6/me/messages?access_token=EAAd1oZBvQLyABABTKpP0eQrwfsiwwcZAKbIcHmJokT26IUkWpMSKO75DGTnCcazUXuda36uzDMGt6oQAtnSgd5udAvZAHVBqSmp8aVqD7Qztx8B7eGHQMCRwA4wj1yxV5gB7mUZC7xjJYuP0cqmsypG51snmfHidIeKirAw6rMQx8mL9Izqr"
2018-05-25 11:16:08 [http-nio-8087-exec-4] com.clivern.racter.senders.BaseSender.send()
INFO: curl -X POST -H "Content-Type: application/json" -d '{"recipient": {"id": "1809264795810706"},"message": {"text": "¡Quieres guardar esta tarjeta? ","quick_replies":[{"content_type":"text","title":"Si","payload":"guarda_tarjeta_approved_click"},{"content_type":"text","title":"No","payload":"guarda_tarjeta_denied_click"}]}}' "https://graph.facebook.com/v2.6/me/messages?access_token=EAAd1oZBvQLyABABTKpP0eQrwfsiwwcZAKbIcHmJokT26IUkWpMSKO75DGTnCcazUXuda36uzDMGt6oQAtnSgd5udAvZAHVBqSmp8aVqD7Qztx8B7eGHQMCRwA4wj1yxV5gB7mUZC7xjJYuP0cqmsypG51snmfHidIeKirAw6rMQx8mL9Izqr"
2018-05-25 11:16:28 [http-nio-8087-exec-1] com.clivern.racter.senders.BaseSender.send()
INFO: curl -X POST -H "Content-Type: application/json" -d '{"recipient": {"id": "1809264795810706"},"message": {"text": "Tu saldo es de: 3009.54"}}' "https://graph.facebook.com/v2.6/me/messages?access_token=EAAd1oZBvQLyABABTKpP0eQrwfsiwwcZAKbIcHmJokT26IUkWpMSKO75DGTnCcazUXuda36uzDMGt6oQAtnSgd5udAvZAHVBqSmp8aVqD7Qztx8B7eGHQMCRwA4wj1yxV5gB7mUZC7xjJYuP0cqmsypG51snmfHidIeKirAw6rMQx8mL9Izqr"
2018-05-25 11:16:28 [http-nio-8087-exec-1] com.clivern.racter.senders.BaseSender.send()
INFO: curl -X POST -H "Content-Type: application/json" -d '{"recipient": {"id": "1809264795810706"},"message": {"text": "¡Quieres guardar esta tarjeta? ","quick_replies":[{"content_type":"text","title":"Si","payload":"guarda_tarjeta_approved_click"},{"content_type":"text","title":"No","payload":"guarda_tarjeta_denied_click"}]}}' "https://graph.facebook.com/v2.6/me/messages?access_token=EAAd1oZBvQLyABABTKpP0eQrwfsiwwcZAKbIcHmJokT26IUkWpMSKO75DGTnCcazUXuda36uzDMGt6oQAtnSgd5udAvZAHVBqSmp8aVqD7Qztx8B7eGHQMCRwA4wj1yxV5gB7mUZC7xjJYuP0cqmsypG51snmfHidIeKirAw6rMQx8mL9Izqr"
2018-05-25 11:16:28 [http-nio-8087-exec-1] com.clivern.racter.senders.BaseSender.send()
INFO: curl -X POST -H "Content-Type: application/json" -d '{"recipient": {"id": "1809264795810706"},"message": {"text": "Tu tarjeta no fue guardada","quick_replies":[{"content_type":"text","title":"Si","payload":"guarda_tarjeta_approved_click"},{"content_type":"text","title":"No","payload":"guarda_tarjeta_denied_click"}]}}' "https://graph.facebook.com/v2.6/me/messages?access_token=EAAd1oZBvQLyABABTKpP0eQrwfsiwwcZAKbIcHmJokT26IUkWpMSKO75DGTnCcazUXuda36uzDMGt6oQAtnSgd5udAvZAHVBqSmp8aVqD7Qztx8B7eGHQMCRwA4wj1yxV5gB7mUZC7xjJYuP0cqmsypG51snmfHidIeKirAw6rMQx8mL9Izqr"
