2018-03-27 10:53:22 [http-nio-8087-exec-5] com.clivern.racter.receivers.VerifyWebhook.challenge()
INFO: Verify token validated successfully.
2018-03-27 11:35:15 [http-nio-8087-exec-8] com.bots.bots.controller.InicioController.webHook()
INFO: User ID#:1809264795810706
2018-03-27 11:35:15 [http-nio-8087-exec-8] com.bots.bots.controller.InicioController.webHook()
INFO: Page ID#:196856110912106
2018-03-27 11:35:15 [http-nio-8087-exec-8] com.bots.bots.controller.InicioController.webHook()
INFO: Message ID#:mid.$cAADp_rPrQEZomcx851iaIczoZol3
2018-03-27 11:35:15 [http-nio-8087-exec-8] com.bots.bots.controller.InicioController.webHook()
INFO: Message Text#:hola
2018-03-27 11:35:15 [http-nio-8087-exec-8] com.bots.bots.controller.InicioController.webHook()
INFO: Quick Reply Payload#:
2018-03-27 11:35:15 [http-nio-8087-exec-8] com.clivern.racter.senders.BaseSender.send()
INFO: curl -X POST -H "Content-Type: application/json" -d '{"recipient": {"id": "1809264795810706"},"message": {"text": "Hola amigo, ¿en qué puedo ayudarte?","quick_replies":[{"content_type":"text","title":"Consulta saldo","payload":"consulta_saldo_click"},{"content_type":"text","title":"Transferencia","payload":"transferencia_click"},{"content_type":"text","title":"Agregar tarjeta","payload":"add_tarjeta_click"},{"content_type":"text","title":"Eliminar tarjeta","payload":"delete_tarjeta_click"}]}}' "https://graph.facebook.com/v2.6/me/messages?access_token=EAAd1oZBvQLyABABTKpP0eQrwfsiwwcZAKbIcHmJokT26IUkWpMSKO75DGTnCcazUXuda36uzDMGt6oQAtnSgd5udAvZAHVBqSmp8aVqD7Qztx8B7eGHQMCRwA4wj1yxV5gB7mUZC7xjJYuP0cqmsypG51snmfHidIeKirAw6rMQx8mL9Izqr"
2018-03-27 11:35:25 [http-nio-8087-exec-3] com.bots.bots.controller.InicioController.webHook()
INFO: User ID#:1809264795810706
2018-03-27 11:35:25 [http-nio-8087-exec-3] com.bots.bots.controller.InicioController.webHook()
INFO: Page ID#:196856110912106
2018-03-27 11:35:25 [http-nio-8087-exec-3] com.bots.bots.controller.InicioController.webHook()
INFO: Message ID#:mid.$cAADp_rPrQEZomcyol1iaIdfUGMNW
2018-03-27 11:35:25 [http-nio-8087-exec-3] com.bots.bots.controller.InicioController.webHook()
INFO: Message Text#:Transferencia
2018-03-27 11:35:25 [http-nio-8087-exec-3] com.bots.bots.controller.InicioController.webHook()
INFO: Quick Reply Payload#:transferencia_click
2018-03-27 11:35:25 [http-nio-8087-exec-3] com.clivern.racter.senders.BaseSender.send()
INFO: curl -X POST -H "Content-Type: application/json" -d '{"recipient": {"id": "1809264795810706"},"message": {"text": "No te tengo en registro, ¿Cuál es tu banco?","quick_replies":[{"content_type":"text","title":"Banamex","payload":"select_banco_banamex_click"},{"content_type":"text","title":"Bancomer","payload":"select_banco_bancomer_click"}]}}' "https://graph.facebook.com/v2.6/me/messages?access_token=EAAd1oZBvQLyABABTKpP0eQrwfsiwwcZAKbIcHmJokT26IUkWpMSKO75DGTnCcazUXuda36uzDMGt6oQAtnSgd5udAvZAHVBqSmp8aVqD7Qztx8B7eGHQMCRwA4wj1yxV5gB7mUZC7xjJYuP0cqmsypG51snmfHidIeKirAw6rMQx8mL9Izqr"
2018-03-27 11:35:29 [http-nio-8087-exec-8] com.bots.bots.controller.InicioController.webHook()
INFO: User ID#:1809264795810706
2018-03-27 11:35:29 [http-nio-8087-exec-8] com.bots.bots.controller.InicioController.webHook()
INFO: Page ID#:196856110912106
2018-03-27 11:35:29 [http-nio-8087-exec-8] com.bots.bots.controller.InicioController.webHook()
INFO: Message ID#:mid.$cAADp_rPrQEZomcy5nViaIdvzrFPH
2018-03-27 11:35:29 [http-nio-8087-exec-8] com.bots.bots.controller.InicioController.webHook()
INFO: Message Text#:Banamex
2018-03-27 11:35:29 [http-nio-8087-exec-8] com.bots.bots.controller.InicioController.webHook()
INFO: Quick Reply Payload#:select_banco_banamex_click
2018-03-27 11:35:29 [http-nio-8087-exec-8] com.clivern.racter.senders.BaseSender.send()
INFO: curl -X POST -H "Content-Type: application/json" -d '{"recipient": {"id": "1809264795810706"},"message": {"text": "Dame tu número de cuenta Banamex y tu clave de acceso separado por espacio"}}' "https://graph.facebook.com/v2.6/me/messages?access_token=EAAd1oZBvQLyABABTKpP0eQrwfsiwwcZAKbIcHmJokT26IUkWpMSKO75DGTnCcazUXuda36uzDMGt6oQAtnSgd5udAvZAHVBqSmp8aVqD7Qztx8B7eGHQMCRwA4wj1yxV5gB7mUZC7xjJYuP0cqmsypG51snmfHidIeKirAw6rMQx8mL9Izqr"
2018-03-27 11:35:38 [http-nio-8087-exec-5] com.bots.bots.controller.InicioController.webHook()
INFO: User ID#:1809264795810706
2018-03-27 11:35:38 [http-nio-8087-exec-5] com.bots.bots.controller.InicioController.webHook()
INFO: Page ID#:196856110912106
2018-03-27 11:35:38 [http-nio-8087-exec-5] com.bots.bots.controller.InicioController.webHook()
INFO: Message ID#:mid.$cAADp_rPrQEZomczbeliaIeRonzpv
2018-03-27 11:35:38 [http-nio-8087-exec-5] com.bots.bots.controller.InicioController.webHook()
INFO: Message Text#:1234567890123456 123
2018-03-27 11:35:38 [http-nio-8087-exec-5] com.bots.bots.controller.InicioController.webHook()
INFO: Quick Reply Payload#:
2018-03-27 12:13:32 [http-nio-8087-exec-1] com.clivern.racter.senders.BaseSender.send()
INFO: curl -X POST -H "Content-Type: application/json" -d '{"recipient": {"id": "1809264795810706"},"message": {"text": "Hola amigo, ¿en qué puedo ayudarte?","quick_replies":[{"content_type":"text","title":"Consulta saldo","payload":"consulta_saldo_click"},{"content_type":"text","title":"Transferencia","payload":"transferencia_click"},{"content_type":"text","title":"Agregar tarjeta","payload":"add_tarjeta_click"},{"content_type":"text","title":"Eliminar tarjeta","payload":"delete_tarjeta_click"}]}}' "https://graph.facebook.com/v2.6/me/messages?access_token=EAAd1oZBvQLyABABTKpP0eQrwfsiwwcZAKbIcHmJokT26IUkWpMSKO75DGTnCcazUXuda36uzDMGt6oQAtnSgd5udAvZAHVBqSmp8aVqD7Qztx8B7eGHQMCRwA4wj1yxV5gB7mUZC7xjJYuP0cqmsypG51snmfHidIeKirAw6rMQx8mL9Izqr"
2018-03-27 12:13:42 [http-nio-8087-exec-6] com.clivern.racter.senders.BaseSender.send()
INFO: curl -X POST -H "Content-Type: application/json" -d '{"recipient": {"id": "1809264795810706"},"message": {"text": "No te tengo en registro, ¿Cuál es tu banco?","quick_replies":[{"content_type":"text","title":"Banamex","payload":"select_banco_banamex_click"},{"content_type":"text","title":"Bancomer","payload":"select_banco_bancomer_click"}]}}' "https://graph.facebook.com/v2.6/me/messages?access_token=EAAd1oZBvQLyABABTKpP0eQrwfsiwwcZAKbIcHmJokT26IUkWpMSKO75DGTnCcazUXuda36uzDMGt6oQAtnSgd5udAvZAHVBqSmp8aVqD7Qztx8B7eGHQMCRwA4wj1yxV5gB7mUZC7xjJYuP0cqmsypG51snmfHidIeKirAw6rMQx8mL9Izqr"
2018-03-27 12:13:51 [http-nio-8087-exec-1] com.clivern.racter.senders.BaseSender.send()
INFO: curl -X POST -H "Content-Type: application/json" -d '{"recipient": {"id": "1809264795810706"},"message": {"text": "Dame tu número de cuenta Banamex y tu clave de acceso separado por espacio"}}' "https://graph.facebook.com/v2.6/me/messages?access_token=EAAd1oZBvQLyABABTKpP0eQrwfsiwwcZAKbIcHmJokT26IUkWpMSKO75DGTnCcazUXuda36uzDMGt6oQAtnSgd5udAvZAHVBqSmp8aVqD7Qztx8B7eGHQMCRwA4wj1yxV5gB7mUZC7xjJYuP0cqmsypG51snmfHidIeKirAw6rMQx8mL9Izqr"
2018-03-27 12:20:36 [http-nio-8087-exec-1] com.clivern.racter.senders.BaseSender.send()
INFO: curl -X POST -H "Content-Type: application/json" -d '{"recipient": {"id": "1809264795810706"},"message": {"text": "Hola amigo, ¿en qué puedo ayudarte?","quick_replies":[{"content_type":"text","title":"Consulta saldo","payload":"consulta_saldo_click"},{"content_type":"text","title":"Transferencia","payload":"transferencia_click"},{"content_type":"text","title":"Agregar tarjeta","payload":"add_tarjeta_click"},{"content_type":"text","title":"Eliminar tarjeta","payload":"delete_tarjeta_click"}]}}' "https://graph.facebook.com/v2.6/me/messages?access_token=EAAd1oZBvQLyABABTKpP0eQrwfsiwwcZAKbIcHmJokT26IUkWpMSKO75DGTnCcazUXuda36uzDMGt6oQAtnSgd5udAvZAHVBqSmp8aVqD7Qztx8B7eGHQMCRwA4wj1yxV5gB7mUZC7xjJYuP0cqmsypG51snmfHidIeKirAw6rMQx8mL9Izqr"
2018-03-27 12:20:54 [http-nio-8087-exec-6] com.clivern.racter.senders.BaseSender.send()
INFO: curl -X POST -H "Content-Type: application/json" -d '{"recipient": {"id": "1809264795810706"},"message": {"text": "No te tengo en registro, ¿Cuál es tu banco?","quick_replies":[{"content_type":"text","title":"Banamex","payload":"select_banco_banamex_click"},{"content_type":"text","title":"Bancomer","payload":"select_banco_bancomer_click"}]}}' "https://graph.facebook.com/v2.6/me/messages?access_token=EAAd1oZBvQLyABABTKpP0eQrwfsiwwcZAKbIcHmJokT26IUkWpMSKO75DGTnCcazUXuda36uzDMGt6oQAtnSgd5udAvZAHVBqSmp8aVqD7Qztx8B7eGHQMCRwA4wj1yxV5gB7mUZC7xjJYuP0cqmsypG51snmfHidIeKirAw6rMQx8mL9Izqr"
2018-03-27 12:21:07 [http-nio-8087-exec-1] com.clivern.racter.senders.BaseSender.send()
INFO: curl -X POST -H "Content-Type: application/json" -d '{"recipient": {"id": "1809264795810706"},"message": {"text": "Dame tu número de cuenta Banamex y tu clave de acceso separado por espacio"}}' "https://graph.facebook.com/v2.6/me/messages?access_token=EAAd1oZBvQLyABABTKpP0eQrwfsiwwcZAKbIcHmJokT26IUkWpMSKO75DGTnCcazUXuda36uzDMGt6oQAtnSgd5udAvZAHVBqSmp8aVqD7Qztx8B7eGHQMCRwA4wj1yxV5gB7mUZC7xjJYuP0cqmsypG51snmfHidIeKirAw6rMQx8mL9Izqr"
2018-03-27 12:26:50 [http-nio-8087-exec-1] com.clivern.racter.senders.BaseSender.send()
INFO: curl -X POST -H "Content-Type: application/json" -d '{"recipient": {"id": "1809264795810706"},"message": {"text": "Hola amigo, ¿en qué puedo ayudarte?","quick_replies":[{"content_type":"text","title":"Consulta saldo","payload":"consulta_saldo_click"},{"content_type":"text","title":"Transferencia","payload":"transferencia_click"},{"content_type":"text","title":"Agregar tarjeta","payload":"add_tarjeta_click"},{"content_type":"text","title":"Eliminar tarjeta","payload":"delete_tarjeta_click"}]}}' "https://graph.facebook.com/v2.6/me/messages?access_token=EAAd1oZBvQLyABABTKpP0eQrwfsiwwcZAKbIcHmJokT26IUkWpMSKO75DGTnCcazUXuda36uzDMGt6oQAtnSgd5udAvZAHVBqSmp8aVqD7Qztx8B7eGHQMCRwA4wj1yxV5gB7mUZC7xjJYuP0cqmsypG51snmfHidIeKirAw6rMQx8mL9Izqr"
2018-03-27 12:27:02 [http-nio-8087-exec-6] com.clivern.racter.senders.BaseSender.send()
INFO: curl -X POST -H "Content-Type: application/json" -d '{"recipient": {"id": "1809264795810706"},"message": {"text": "No te tengo en registro, ¿Cuál es tu banco?","quick_replies":[{"content_type":"text","title":"Banamex","payload":"select_banco_banamex_click"},{"content_type":"text","title":"Bancomer","payload":"select_banco_bancomer_click"}]}}' "https://graph.facebook.com/v2.6/me/messages?access_token=EAAd1oZBvQLyABABTKpP0eQrwfsiwwcZAKbIcHmJokT26IUkWpMSKO75DGTnCcazUXuda36uzDMGt6oQAtnSgd5udAvZAHVBqSmp8aVqD7Qztx8B7eGHQMCRwA4wj1yxV5gB7mUZC7xjJYuP0cqmsypG51snmfHidIeKirAw6rMQx8mL9Izqr"
2018-03-27 12:27:18 [http-nio-8087-exec-2] com.clivern.racter.senders.BaseSender.send()
INFO: curl -X POST -H "Content-Type: application/json" -d '{"recipient": {"id": "1809264795810706"},"message": {"text": "Dame tu número de cuenta Banamex y tu clave de acceso separado por espacio"}}' "https://graph.facebook.com/v2.6/me/messages?access_token=EAAd1oZBvQLyABABTKpP0eQrwfsiwwcZAKbIcHmJokT26IUkWpMSKO75DGTnCcazUXuda36uzDMGt6oQAtnSgd5udAvZAHVBqSmp8aVqD7Qztx8B7eGHQMCRwA4wj1yxV5gB7mUZC7xjJYuP0cqmsypG51snmfHidIeKirAw6rMQx8mL9Izqr"
2018-03-27 12:35:33 [http-nio-8087-exec-1] com.clivern.racter.senders.BaseSender.send()
INFO: curl -X POST -H "Content-Type: application/json" -d '{"recipient": {"id": "1809264795810706"},"message": {"text": "Hola amigo, ¿en qué puedo ayudarte?","quick_replies":[{"content_type":"text","title":"Consulta saldo","payload":"consulta_saldo_click"},{"content_type":"text","title":"Transferencia","payload":"transferencia_click"},{"content_type":"text","title":"Agregar tarjeta","payload":"add_tarjeta_click"},{"content_type":"text","title":"Eliminar tarjeta","payload":"delete_tarjeta_click"}]}}' "https://graph.facebook.com/v2.6/me/messages?access_token=EAAd1oZBvQLyABABTKpP0eQrwfsiwwcZAKbIcHmJokT26IUkWpMSKO75DGTnCcazUXuda36uzDMGt6oQAtnSgd5udAvZAHVBqSmp8aVqD7Qztx8B7eGHQMCRwA4wj1yxV5gB7mUZC7xjJYuP0cqmsypG51snmfHidIeKirAw6rMQx8mL9Izqr"
2018-03-27 12:35:38 [http-nio-8087-exec-6] com.clivern.racter.senders.BaseSender.send()
INFO: curl -X POST -H "Content-Type: application/json" -d '{"recipient": {"id": "1809264795810706"},"message": {"text": "Hola amigo, ¿en qué puedo ayudarte?","quick_replies":[{"content_type":"text","title":"Consulta saldo","payload":"consulta_saldo_click"},{"content_type":"text","title":"Transferencia","payload":"transferencia_click"},{"content_type":"text","title":"Agregar tarjeta","payload":"add_tarjeta_click"},{"content_type":"text","title":"Eliminar tarjeta","payload":"delete_tarjeta_click"}]}}' "https://graph.facebook.com/v2.6/me/messages?access_token=EAAd1oZBvQLyABABTKpP0eQrwfsiwwcZAKbIcHmJokT26IUkWpMSKO75DGTnCcazUXuda36uzDMGt6oQAtnSgd5udAvZAHVBqSmp8aVqD7Qztx8B7eGHQMCRwA4wj1yxV5gB7mUZC7xjJYuP0cqmsypG51snmfHidIeKirAw6rMQx8mL9Izqr"
2018-03-27 12:35:43 [http-nio-8087-exec-2] com.clivern.racter.senders.BaseSender.send()
INFO: curl -X POST -H "Content-Type: application/json" -d '{"recipient": {"id": "1809264795810706"},"message": {"text": "No te tengo en registro, ¿Cuál es tu banco?","quick_replies":[{"content_type":"text","title":"Banamex","payload":"select_banco_banamex_click"},{"content_type":"text","title":"Bancomer","payload":"select_banco_bancomer_click"}]}}' "https://graph.facebook.com/v2.6/me/messages?access_token=EAAd1oZBvQLyABABTKpP0eQrwfsiwwcZAKbIcHmJokT26IUkWpMSKO75DGTnCcazUXuda36uzDMGt6oQAtnSgd5udAvZAHVBqSmp8aVqD7Qztx8B7eGHQMCRwA4wj1yxV5gB7mUZC7xjJYuP0cqmsypG51snmfHidIeKirAw6rMQx8mL9Izqr"
2018-03-27 12:36:14 [http-nio-8087-exec-7] com.clivern.racter.senders.BaseSender.send()
INFO: curl -X POST -H "Content-Type: application/json" -d '{"recipient": {"id": "1809264795810706"},"message": {"text": "Dame tu número de cuenta Banamex y tu clave de acceso separado por espacio"}}' "https://graph.facebook.com/v2.6/me/messages?access_token=EAAd1oZBvQLyABABTKpP0eQrwfsiwwcZAKbIcHmJokT26IUkWpMSKO75DGTnCcazUXuda36uzDMGt6oQAtnSgd5udAvZAHVBqSmp8aVqD7Qztx8B7eGHQMCRwA4wj1yxV5gB7mUZC7xjJYuP0cqmsypG51snmfHidIeKirAw6rMQx8mL9Izqr"
2018-03-27 13:05:57 [http-nio-8087-exec-4] com.clivern.racter.senders.BaseSender.send()
INFO: curl -X POST -H "Content-Type: application/json" -d '{"recipient": {"id": "1809264795810706"},"message": {"text": "Hola amigo, ¿en qué puedo ayudarte?","quick_replies":[{"content_type":"text","title":"Consulta saldo","payload":"consulta_saldo_click"},{"content_type":"text","title":"Transferencia","payload":"transferencia_click"},{"content_type":"text","title":"Agregar tarjeta","payload":"add_tarjeta_click"},{"content_type":"text","title":"Eliminar tarjeta","payload":"delete_tarjeta_click"}]}}' "https://graph.facebook.com/v2.6/me/messages?access_token=EAAd1oZBvQLyABABTKpP0eQrwfsiwwcZAKbIcHmJokT26IUkWpMSKO75DGTnCcazUXuda36uzDMGt6oQAtnSgd5udAvZAHVBqSmp8aVqD7Qztx8B7eGHQMCRwA4wj1yxV5gB7mUZC7xjJYuP0cqmsypG51snmfHidIeKirAw6rMQx8mL9Izqr"
2018-03-27 13:06:03 [http-nio-8087-exec-3] com.clivern.racter.senders.BaseSender.send()
INFO: curl -X POST -H "Content-Type: application/json" -d '{"recipient": {"id": "1809264795810706"},"message": {"text": "No te tengo en registro, ¿Cuál es tu banco?","quick_replies":[{"content_type":"text","title":"Banamex","payload":"select_banco_banamex_click"},{"content_type":"text","title":"Bancomer","payload":"select_banco_bancomer_click"}]}}' "https://graph.facebook.com/v2.6/me/messages?access_token=EAAd1oZBvQLyABABTKpP0eQrwfsiwwcZAKbIcHmJokT26IUkWpMSKO75DGTnCcazUXuda36uzDMGt6oQAtnSgd5udAvZAHVBqSmp8aVqD7Qztx8B7eGHQMCRwA4wj1yxV5gB7mUZC7xjJYuP0cqmsypG51snmfHidIeKirAw6rMQx8mL9Izqr"
2018-03-27 13:06:27 [http-nio-8087-exec-4] com.clivern.racter.senders.BaseSender.send()
INFO: curl -X POST -H "Content-Type: application/json" -d '{"recipient": {"id": "1809264795810706"},"message": {"text": "Dame tu número de cuenta Banamex y tu clave de acceso separado por espacio"}}' "https://graph.facebook.com/v2.6/me/messages?access_token=EAAd1oZBvQLyABABTKpP0eQrwfsiwwcZAKbIcHmJokT26IUkWpMSKO75DGTnCcazUXuda36uzDMGt6oQAtnSgd5udAvZAHVBqSmp8aVqD7Qztx8B7eGHQMCRwA4wj1yxV5gB7mUZC7xjJYuP0cqmsypG51snmfHidIeKirAw6rMQx8mL9Izqr"
2018-03-27 13:23:58 [http-nio-8087-exec-1] com.clivern.racter.senders.BaseSender.send()
INFO: curl -X POST -H "Content-Type: application/json" -d '{"recipient": {"id": "1809264795810706"},"message": {"text": "Hola amigo, ¿en qué puedo ayudarte?","quick_replies":[{"content_type":"text","title":"Consulta saldo","payload":"consulta_saldo_click"},{"content_type":"text","title":"Transferencia","payload":"transferencia_click"},{"content_type":"text","title":"Agregar tarjeta","payload":"add_tarjeta_click"},{"content_type":"text","title":"Eliminar tarjeta","payload":"delete_tarjeta_click"}]}}' "https://graph.facebook.com/v2.6/me/messages?access_token=EAAd1oZBvQLyABABTKpP0eQrwfsiwwcZAKbIcHmJokT26IUkWpMSKO75DGTnCcazUXuda36uzDMGt6oQAtnSgd5udAvZAHVBqSmp8aVqD7Qztx8B7eGHQMCRwA4wj1yxV5gB7mUZC7xjJYuP0cqmsypG51snmfHidIeKirAw6rMQx8mL9Izqr"
2018-03-27 13:24:15 [http-nio-8087-exec-6] com.clivern.racter.senders.BaseSender.send()
INFO: curl -X POST -H "Content-Type: application/json" -d '{"recipient": {"id": "1809264795810706"},"message": {"text": "No te tengo en registro, ¿Cuál es tu banco?","quick_replies":[{"content_type":"text","title":"Banamex","payload":"select_banco_banamex_click"},{"content_type":"text","title":"Bancomer","payload":"select_banco_bancomer_click"}]}}' "https://graph.facebook.com/v2.6/me/messages?access_token=EAAd1oZBvQLyABABTKpP0eQrwfsiwwcZAKbIcHmJokT26IUkWpMSKO75DGTnCcazUXuda36uzDMGt6oQAtnSgd5udAvZAHVBqSmp8aVqD7Qztx8B7eGHQMCRwA4wj1yxV5gB7mUZC7xjJYuP0cqmsypG51snmfHidIeKirAw6rMQx8mL9Izqr"
2018-03-27 13:24:45 [http-nio-8087-exec-1] com.clivern.racter.senders.BaseSender.send()
INFO: curl -X POST -H "Content-Type: application/json" -d '{"recipient": {"id": "1809264795810706"},"message": {"text": "Dame tu número de cuenta Banamex y tu clave de acceso separado por espacio"}}' "https://graph.facebook.com/v2.6/me/messages?access_token=EAAd1oZBvQLyABABTKpP0eQrwfsiwwcZAKbIcHmJokT26IUkWpMSKO75DGTnCcazUXuda36uzDMGt6oQAtnSgd5udAvZAHVBqSmp8aVqD7Qztx8B7eGHQMCRwA4wj1yxV5gB7mUZC7xjJYuP0cqmsypG51snmfHidIeKirAw6rMQx8mL9Izqr"
2018-03-27 13:30:13 [http-nio-8087-exec-1] com.clivern.racter.senders.BaseSender.send()
INFO: curl -X POST -H "Content-Type: application/json" -d '{"recipient": {"id": "1809264795810706"},"message": {"text": "Hola amigo, ¿en qué puedo ayudarte?","quick_replies":[{"content_type":"text","title":"Consulta saldo","payload":"consulta_saldo_click"},{"content_type":"text","title":"Transferencia","payload":"transferencia_click"},{"content_type":"text","title":"Agregar tarjeta","payload":"add_tarjeta_click"},{"content_type":"text","title":"Eliminar tarjeta","payload":"delete_tarjeta_click"}]}}' "https://graph.facebook.com/v2.6/me/messages?access_token=EAAd1oZBvQLyABABTKpP0eQrwfsiwwcZAKbIcHmJokT26IUkWpMSKO75DGTnCcazUXuda36uzDMGt6oQAtnSgd5udAvZAHVBqSmp8aVqD7Qztx8B7eGHQMCRwA4wj1yxV5gB7mUZC7xjJYuP0cqmsypG51snmfHidIeKirAw6rMQx8mL9Izqr"
2018-03-27 13:30:37 [http-nio-8087-exec-6] com.clivern.racter.senders.BaseSender.send()
INFO: curl -X POST -H "Content-Type: application/json" -d '{"recipient": {"id": "1809264795810706"},"message": {"text": "No te tengo en registro, ¿Cuál es tu banco?","quick_replies":[{"content_type":"text","title":"Banamex","payload":"select_banco_banamex_click"},{"content_type":"text","title":"Bancomer","payload":"select_banco_bancomer_click"}]}}' "https://graph.facebook.com/v2.6/me/messages?access_token=EAAd1oZBvQLyABABTKpP0eQrwfsiwwcZAKbIcHmJokT26IUkWpMSKO75DGTnCcazUXuda36uzDMGt6oQAtnSgd5udAvZAHVBqSmp8aVqD7Qztx8B7eGHQMCRwA4wj1yxV5gB7mUZC7xjJYuP0cqmsypG51snmfHidIeKirAw6rMQx8mL9Izqr"
2018-03-27 13:30:59 [http-nio-8087-exec-2] com.clivern.racter.senders.BaseSender.send()
INFO: curl -X POST -H "Content-Type: application/json" -d '{"recipient": {"id": "1809264795810706"},"message": {"text": "Dame tu número de cuenta Banamex y tu clave de acceso separado por espacio"}}' "https://graph.facebook.com/v2.6/me/messages?access_token=EAAd1oZBvQLyABABTKpP0eQrwfsiwwcZAKbIcHmJokT26IUkWpMSKO75DGTnCcazUXuda36uzDMGt6oQAtnSgd5udAvZAHVBqSmp8aVqD7Qztx8B7eGHQMCRwA4wj1yxV5gB7mUZC7xjJYuP0cqmsypG51snmfHidIeKirAw6rMQx8mL9Izqr"
2018-03-27 13:34:17 [http-nio-8087-exec-1] com.clivern.racter.senders.BaseSender.send()
INFO: curl -X POST -H "Content-Type: application/json" -d '{"recipient": {"id": "1809264795810706"},"message": {"text": "Hola amigo, ¿en qué puedo ayudarte?","quick_replies":[{"content_type":"text","title":"Consulta saldo","payload":"consulta_saldo_click"},{"content_type":"text","title":"Transferencia","payload":"transferencia_click"},{"content_type":"text","title":"Agregar tarjeta","payload":"add_tarjeta_click"},{"content_type":"text","title":"Eliminar tarjeta","payload":"delete_tarjeta_click"}]}}' "https://graph.facebook.com/v2.6/me/messages?access_token=EAAd1oZBvQLyABABTKpP0eQrwfsiwwcZAKbIcHmJokT26IUkWpMSKO75DGTnCcazUXuda36uzDMGt6oQAtnSgd5udAvZAHVBqSmp8aVqD7Qztx8B7eGHQMCRwA4wj1yxV5gB7mUZC7xjJYuP0cqmsypG51snmfHidIeKirAw6rMQx8mL9Izqr"
2018-03-27 13:34:24 [http-nio-8087-exec-6] com.clivern.racter.senders.BaseSender.send()
INFO: curl -X POST -H "Content-Type: application/json" -d '{"recipient": {"id": "1809264795810706"},"message": {"text": "No te tengo en registro, ¿Cuál es tu banco?","quick_replies":[{"content_type":"text","title":"Banamex","payload":"select_banco_banamex_click"},{"content_type":"text","title":"Bancomer","payload":"select_banco_bancomer_click"}]}}' "https://graph.facebook.com/v2.6/me/messages?access_token=EAAd1oZBvQLyABABTKpP0eQrwfsiwwcZAKbIcHmJokT26IUkWpMSKO75DGTnCcazUXuda36uzDMGt6oQAtnSgd5udAvZAHVBqSmp8aVqD7Qztx8B7eGHQMCRwA4wj1yxV5gB7mUZC7xjJYuP0cqmsypG51snmfHidIeKirAw6rMQx8mL9Izqr"
2018-03-27 13:34:40 [http-nio-8087-exec-2] com.clivern.racter.senders.BaseSender.send()
INFO: curl -X POST -H "Content-Type: application/json" -d '{"recipient": {"id": "1809264795810706"},"message": {"text": "Dame tu número de cuenta Banamex y tu clave de acceso separado por espacio"}}' "https://graph.facebook.com/v2.6/me/messages?access_token=EAAd1oZBvQLyABABTKpP0eQrwfsiwwcZAKbIcHmJokT26IUkWpMSKO75DGTnCcazUXuda36uzDMGt6oQAtnSgd5udAvZAHVBqSmp8aVqD7Qztx8B7eGHQMCRwA4wj1yxV5gB7mUZC7xjJYuP0cqmsypG51snmfHidIeKirAw6rMQx8mL9Izqr"
