2018-03-07 10:20:08 [http-nio-8087-exec-4] com.clivern.racter.receivers.VerifyWebhook.challenge()
ERROR: Error validating verify token.
2018-03-07 10:22:42 [http-nio-8087-exec-8] com.clivern.racter.receivers.VerifyWebhook.challenge()
ERROR: Error validating verify token.
2018-03-07 10:23:08 [http-nio-8087-exec-10] com.clivern.racter.receivers.VerifyWebhook.challenge()
ERROR: Error validating verify token.
2018-03-07 10:23:20 [http-nio-8087-exec-1] com.clivern.racter.receivers.VerifyWebhook.challenge()
ERROR: Error validating verify token.
2018-03-07 10:25:52 [http-nio-8087-exec-3] com.clivern.racter.receivers.VerifyWebhook.challenge()
ERROR: Error validating verify token.
2018-03-07 10:26:18 [http-nio-8087-exec-6] com.clivern.racter.receivers.VerifyWebhook.challenge()
ERROR: Error validating verify token.
2018-03-07 10:53:02 [http-nio-8087-exec-1] com.clivern.racter.receivers.VerifyWebhook.challenge()
ERROR: Error validating verify token.
2018-03-07 10:53:06 [http-nio-8087-exec-3] com.clivern.racter.receivers.VerifyWebhook.challenge()
ERROR: Error validating verify token.
2018-03-07 10:53:34 [http-nio-8087-exec-5] com.clivern.racter.receivers.VerifyWebhook.challenge()
ERROR: Error validating verify token.
2018-03-07 11:32:15 [http-nio-8087-exec-9] com.clivern.racter.receivers.VerifyWebhook.challenge()
ERROR: Error validating verify token.
2018-03-07 11:51:13 [http-nio-8087-exec-1] com.clivern.racter.receivers.VerifyWebhook.challenge()
ERROR: Error validating verify token.
2018-03-07 11:51:33 [http-nio-8087-exec-3] com.clivern.racter.receivers.VerifyWebhook.challenge()
ERROR: Error validating verify token.
2018-03-07 12:06:30 [http-nio-8087-exec-5] com.clivern.racter.receivers.VerifyWebhook.challenge()
ERROR: Error validating verify token.
2018-03-07 12:06:37 [http-nio-8087-exec-7] com.clivern.racter.receivers.VerifyWebhook.challenge()
ERROR: Error validating verify token.
2018-03-07 12:06:55 [http-nio-8087-exec-9] com.clivern.racter.receivers.VerifyWebhook.challenge()
ERROR: Error validating verify token.
2018-03-07 12:07:16 [http-nio-8087-exec-1] com.clivern.racter.receivers.VerifyWebhook.challenge()
ERROR: Error validating verify token.
2018-03-07 12:32:48 [http-nio-8087-exec-3] com.clivern.racter.receivers.VerifyWebhook.challenge()
ERROR: Error validating verify token.
2018-03-07 12:33:12 [http-nio-8087-exec-5] com.clivern.racter.receivers.VerifyWebhook.challenge()
INFO: Verify token validated successfully.
2018-03-07 12:33:32 [http-nio-8087-exec-7] com.bots.bots.controller.InicioController.webHook()
INFO: User ID#:1809264795810706
2018-03-07 12:33:32 [http-nio-8087-exec-7] com.bots.bots.controller.InicioController.webHook()
INFO: Page ID#:196856110912106
2018-03-07 12:33:32 [http-nio-8087-exec-7] com.bots.bots.controller.InicioController.webHook()
INFO: Message ID#:mid.$cAADp_rPrQEZoMwKpTViAb1iSEJC9
2018-03-07 12:33:32 [http-nio-8087-exec-7] com.bots.bots.controller.InicioController.webHook()
INFO: Message Text#:Hola
2018-03-07 12:33:32 [http-nio-8087-exec-7] com.bots.bots.controller.InicioController.webHook()
INFO: Quick Reply Payload#:
2018-03-07 12:33:32 [http-nio-8087-exec-7] com.clivern.racter.senders.BaseSender.send()
INFO: curl -X POST -H "Content-Type: application/json" -d '{"recipient": {"id": "1809264795810706"},"message": {"text": "Hola amigo, ¿en qué puedo ayudarte?","quick_replies":[{"content_type":"text","title":"Consulta saldo","payload":"consulta_saldo_click"},{"content_type":"text","title":"Transferencia","payload":"transferencia_click"}]}}' "https://graph.facebook.com/v2.6/me/messages?access_token=EAAd1oZBvQLyABABTKpP0eQrwfsiwwcZAKbIcHmJokT26IUkWpMSKO75DGTnCcazUXuda36uzDMGt6oQAtnSgd5udAvZAHVBqSmp8aVqD7Qztx8B7eGHQMCRwA4wj1yxV5gB7mUZC7xjJYuP0cqmsypG51snmfHidIeKirAw6rMQx8mL9Izqr"
2018-03-07 12:34:02 [http-nio-8087-exec-3] com.bots.bots.controller.InicioController.webHook()
INFO: User ID#:1809264795810706
2018-03-07 12:34:02 [http-nio-8087-exec-3] com.bots.bots.controller.InicioController.webHook()
INFO: Page ID#:196856110912106
2018-03-07 12:34:02 [http-nio-8087-exec-3] com.bots.bots.controller.InicioController.webHook()
INFO: Message ID#:mid.$cAADp_rPrQEZoMwMgsViAb3ZpMteL
2018-03-07 12:34:02 [http-nio-8087-exec-3] com.bots.bots.controller.InicioController.webHook()
INFO: Message Text#:Consulta saldo
2018-03-07 12:34:02 [http-nio-8087-exec-3] com.bots.bots.controller.InicioController.webHook()
INFO: Quick Reply Payload#:consulta_saldo_click
2018-03-07 12:34:02 [http-nio-8087-exec-3] com.clivern.racter.senders.BaseSender.send()
INFO: curl -X POST -H "Content-Type: application/json" -d '{"recipient": {"id": "1809264795810706"},"message": {"text": "No te tengo en registro, ¿Cuál es tu banco?","quick_replies":[{"content_type":"text","title":"Banamex","payload":"select_banco_banamex_click"},{"content_type":"text","title":"Bancomer","payload":"select_banco_bancomer_click"}]}}' "https://graph.facebook.com/v2.6/me/messages?access_token=EAAd1oZBvQLyABABTKpP0eQrwfsiwwcZAKbIcHmJokT26IUkWpMSKO75DGTnCcazUXuda36uzDMGt6oQAtnSgd5udAvZAHVBqSmp8aVqD7Qztx8B7eGHQMCRwA4wj1yxV5gB7mUZC7xjJYuP0cqmsypG51snmfHidIeKirAw6rMQx8mL9Izqr"
2018-03-07 12:34:07 [http-nio-8087-exec-7] com.bots.bots.controller.InicioController.webHook()
INFO: User ID#:1809264795810706
2018-03-07 12:34:07 [http-nio-8087-exec-7] com.bots.bots.controller.InicioController.webHook()
INFO: Page ID#:196856110912106
2018-03-07 12:34:07 [http-nio-8087-exec-7] com.bots.bots.controller.InicioController.webHook()
INFO: Message ID#:mid.$cAADp_rPrQEZoMwMxZFiAb3qXL68f
2018-03-07 12:34:07 [http-nio-8087-exec-7] com.bots.bots.controller.InicioController.webHook()
INFO: Message Text#:Banamex
2018-03-07 12:34:07 [http-nio-8087-exec-7] com.bots.bots.controller.InicioController.webHook()
INFO: Quick Reply Payload#:select_banco_banamex_click
2018-03-07 12:34:07 [http-nio-8087-exec-7] com.clivern.racter.senders.BaseSender.send()
INFO: curl -X POST -H "Content-Type: application/json" -d '{"recipient": {"id": "1809264795810706"},"message": {"text": "Dame tu número de cuenta Banamex"}}' "https://graph.facebook.com/v2.6/me/messages?access_token=EAAd1oZBvQLyABABTKpP0eQrwfsiwwcZAKbIcHmJokT26IUkWpMSKO75DGTnCcazUXuda36uzDMGt6oQAtnSgd5udAvZAHVBqSmp8aVqD7Qztx8B7eGHQMCRwA4wj1yxV5gB7mUZC7xjJYuP0cqmsypG51snmfHidIeKirAw6rMQx8mL9Izqr"
2018-03-07 12:34:17 [http-nio-8087-exec-1] com.bots.bots.controller.InicioController.webHook()
INFO: User ID#:1809264795810706
2018-03-07 12:34:17 [http-nio-8087-exec-1] com.bots.bots.controller.InicioController.webHook()
INFO: Page ID#:196856110912106
2018-03-07 12:34:17 [http-nio-8087-exec-1] com.bots.bots.controller.InicioController.webHook()
INFO: Message ID#:mid.$cAADp_rPrQEZoMwNbq1iAb4Uni4pJ
2018-03-07 12:34:17 [http-nio-8087-exec-1] com.bots.bots.controller.InicioController.webHook()
INFO: Message Text#:2354672948391583 ok
2018-03-07 12:34:17 [http-nio-8087-exec-1] com.bots.bots.controller.InicioController.webHook()
INFO: Quick Reply Payload#:
2018-03-07 12:34:17 [http-nio-8087-exec-1] com.clivern.racter.senders.BaseSender.send()
INFO: curl -X POST -H "Content-Type: application/json" -d '{"recipient": {"id": "1809264795810706"},"message": {"text": "Bueno, la verdad es que ya estás pobre :v"}}' "https://graph.facebook.com/v2.6/me/messages?access_token=EAAd1oZBvQLyABABTKpP0eQrwfsiwwcZAKbIcHmJokT26IUkWpMSKO75DGTnCcazUXuda36uzDMGt6oQAtnSgd5udAvZAHVBqSmp8aVqD7Qztx8B7eGHQMCRwA4wj1yxV5gB7mUZC7xjJYuP0cqmsypG51snmfHidIeKirAw6rMQx8mL9Izqr"
