2018-03-08 11:00:21 [http-nio-8087-exec-4] com.clivern.racter.receivers.VerifyWebhook.challenge()
INFO: Verify token validated successfully.
2018-03-08 11:00:38 [http-nio-8087-exec-7] com.bots.bots.controller.InicioController.webHook()
INFO: User ID#:1809264795810706
2018-03-08 11:00:38 [http-nio-8087-exec-7] com.bots.bots.controller.InicioController.webHook()
INFO: Page ID#:196856110912106
2018-03-08 11:00:38 [http-nio-8087-exec-7] com.bots.bots.controller.InicioController.webHook()
INFO: Message ID#:mid.$cAADp_rPrQEZoN9Pxi1iBo6vmqhMb
2018-03-08 11:00:38 [http-nio-8087-exec-7] com.bots.bots.controller.InicioController.webHook()
INFO: Message Text#:hola
2018-03-08 11:00:38 [http-nio-8087-exec-7] com.bots.bots.controller.InicioController.webHook()
INFO: Quick Reply Payload#:
2018-03-08 11:00:38 [http-nio-8087-exec-7] com.clivern.racter.senders.BaseSender.send()
INFO: curl -X POST -H "Content-Type: application/json" -d '{"recipient": {"id": "1809264795810706"},"message": {"text": "Hola amigo, ¿en qué puedo ayudarte?","quick_replies":[{"content_type":"text","title":"Consulta saldo","payload":"consulta_saldo_click"},{"content_type":"text","title":"Transferencia","payload":"transferencia_click"}]}}' "https://graph.facebook.com/v2.6/me/messages?access_token=EAAd1oZBvQLyABABTKpP0eQrwfsiwwcZAKbIcHmJokT26IUkWpMSKO75DGTnCcazUXuda36uzDMGt6oQAtnSgd5udAvZAHVBqSmp8aVqD7Qztx8B7eGHQMCRwA4wj1yxV5gB7mUZC7xjJYuP0cqmsypG51snmfHidIeKirAw6rMQx8mL9Izqr"
2018-03-08 11:00:50 [http-nio-8087-exec-8] com.bots.bots.controller.InicioController.webHook()
INFO: User ID#:1809264795810706
2018-03-08 11:00:50 [http-nio-8087-exec-8] com.bots.bots.controller.InicioController.webHook()
INFO: Page ID#:196856110912106
2018-03-08 11:00:50 [http-nio-8087-exec-8] com.bots.bots.controller.InicioController.webHook()
INFO: Message ID#:mid.$cAADp_rPrQEZoN9Pxi1iBo6vmqhMb
2018-03-08 11:00:50 [http-nio-8087-exec-8] com.bots.bots.controller.InicioController.webHook()
INFO: Message Text#:hola
2018-03-08 11:00:50 [http-nio-8087-exec-8] com.bots.bots.controller.InicioController.webHook()
INFO: Quick Reply Payload#:
2018-03-08 11:00:50 [http-nio-8087-exec-8] com.clivern.racter.senders.BaseSender.send()
INFO: curl -X POST -H "Content-Type: application/json" -d '{"recipient": {"id": "1809264795810706"},"message": {"text": "Hola amigo, ¿en qué puedo ayudarte?","quick_replies":[{"content_type":"text","title":"Consulta saldo","payload":"consulta_saldo_click"},{"content_type":"text","title":"Transferencia","payload":"transferencia_click"}]}}' "https://graph.facebook.com/v2.6/me/messages?access_token=EAAd1oZBvQLyABABTKpP0eQrwfsiwwcZAKbIcHmJokT26IUkWpMSKO75DGTnCcazUXuda36uzDMGt6oQAtnSgd5udAvZAHVBqSmp8aVqD7Qztx8B7eGHQMCRwA4wj1yxV5gB7mUZC7xjJYuP0cqmsypG51snmfHidIeKirAw6rMQx8mL9Izqr"
2018-03-08 11:01:12 [http-nio-8087-exec-2] com.bots.bots.controller.InicioController.webHook()
INFO: User ID#:1809264795810706
2018-03-08 11:01:12 [http-nio-8087-exec-2] com.bots.bots.controller.InicioController.webHook()
INFO: Page ID#:196856110912106
2018-03-08 11:01:12 [http-nio-8087-exec-2] com.bots.bots.controller.InicioController.webHook()
INFO: Message ID#:mid.$cAADp_rPrQEZoN9R3J1iBo81a46EV
2018-03-08 11:01:12 [http-nio-8087-exec-2] com.bots.bots.controller.InicioController.webHook()
INFO: Message Text#:Consulta saldo
2018-03-08 11:01:12 [http-nio-8087-exec-2] com.bots.bots.controller.InicioController.webHook()
INFO: Quick Reply Payload#:consulta_saldo_click
2018-03-08 11:01:12 [http-nio-8087-exec-2] com.clivern.racter.senders.BaseSender.send()
INFO: curl -X POST -H "Content-Type: application/json" -d '{"recipient": {"id": "1809264795810706"},"message": {"text": "No te tengo en registro, ¿Cuál es tu banco?","quick_replies":[{"content_type":"text","title":"Banamex","payload":"select_banco_banamex_click"},{"content_type":"text","title":"Bancomer","payload":"select_banco_bancomer_click"}]}}' "https://graph.facebook.com/v2.6/me/messages?access_token=EAAd1oZBvQLyABABTKpP0eQrwfsiwwcZAKbIcHmJokT26IUkWpMSKO75DGTnCcazUXuda36uzDMGt6oQAtnSgd5udAvZAHVBqSmp8aVqD7Qztx8B7eGHQMCRwA4wj1yxV5gB7mUZC7xjJYuP0cqmsypG51snmfHidIeKirAw6rMQx8mL9Izqr"
2018-03-08 11:01:16 [http-nio-8087-exec-5] com.bots.bots.controller.InicioController.webHook()
INFO: User ID#:1809264795810706
2018-03-08 11:01:16 [http-nio-8087-exec-5] com.bots.bots.controller.InicioController.webHook()
INFO: Page ID#:196856110912106
2018-03-08 11:01:16 [http-nio-8087-exec-5] com.bots.bots.controller.InicioController.webHook()
INFO: Message ID#:mid.$cAADp_rPrQEZoN9SH_ViBo9GPy9Rm
2018-03-08 11:01:16 [http-nio-8087-exec-5] com.bots.bots.controller.InicioController.webHook()
INFO: Message Text#:Banamex
2018-03-08 11:01:16 [http-nio-8087-exec-5] com.bots.bots.controller.InicioController.webHook()
INFO: Quick Reply Payload#:select_banco_banamex_click
2018-03-08 11:01:16 [http-nio-8087-exec-5] com.clivern.racter.senders.BaseSender.send()
INFO: curl -X POST -H "Content-Type: application/json" -d '{"recipient": {"id": "1809264795810706"},"message": {"text": "Dame tu número de cuenta Banamex"}}' "https://graph.facebook.com/v2.6/me/messages?access_token=EAAd1oZBvQLyABABTKpP0eQrwfsiwwcZAKbIcHmJokT26IUkWpMSKO75DGTnCcazUXuda36uzDMGt6oQAtnSgd5udAvZAHVBqSmp8aVqD7Qztx8B7eGHQMCRwA4wj1yxV5gB7mUZC7xjJYuP0cqmsypG51snmfHidIeKirAw6rMQx8mL9Izqr"
2018-03-08 11:01:29 [http-nio-8087-exec-9] com.bots.bots.controller.InicioController.webHook()
INFO: User ID#:1809264795810706
2018-03-08 11:01:29 [http-nio-8087-exec-9] com.bots.bots.controller.InicioController.webHook()
INFO: Page ID#:196856110912106
2018-03-08 11:01:29 [http-nio-8087-exec-9] com.bots.bots.controller.InicioController.webHook()
INFO: Message ID#:mid.$cAADp_rPrQEZoN9S6TFiBo94c0Sqv
2018-03-08 11:01:29 [http-nio-8087-exec-9] com.bots.bots.controller.InicioController.webHook()
INFO: Message Text#:3247284937539254 ok
2018-03-08 11:01:29 [http-nio-8087-exec-9] com.bots.bots.controller.InicioController.webHook()
INFO: Quick Reply Payload#:
2018-03-08 11:01:29 [http-nio-8087-exec-9] com.clivern.racter.senders.BaseSender.send()
INFO: curl -X POST -H "Content-Type: application/json" -d '{"recipient": {"id": "1809264795810706"},"message": {"text": "Bueno, la verdad es que ya estás pobre :'(","quick_replies":[{"content_type":"text","title":"Si","payload":"guarda_tarjeta_approved_click"},{"content_type":"text","title":"No","payload":"guarda_tarjeta_denied_click"}]}}' "https://graph.facebook.com/v2.6/me/messages?access_token=EAAd1oZBvQLyABABTKpP0eQrwfsiwwcZAKbIcHmJokT26IUkWpMSKO75DGTnCcazUXuda36uzDMGt6oQAtnSgd5udAvZAHVBqSmp8aVqD7Qztx8B7eGHQMCRwA4wj1yxV5gB7mUZC7xjJYuP0cqmsypG51snmfHidIeKirAw6rMQx8mL9Izqr"
2018-03-08 11:01:37 [http-nio-8087-exec-4] com.bots.bots.controller.InicioController.webHook()
INFO: User ID#:1809264795810706
2018-03-08 11:01:37 [http-nio-8087-exec-4] com.bots.bots.controller.InicioController.webHook()
INFO: Page ID#:196856110912106
2018-03-08 11:01:37 [http-nio-8087-exec-4] com.bots.bots.controller.InicioController.webHook()
INFO: Message ID#:mid.$cAADp_rPrQEZoN9TZHliBo-XdgbDf
2018-03-08 11:01:37 [http-nio-8087-exec-4] com.bots.bots.controller.InicioController.webHook()
INFO: Message Text#:Si
2018-03-08 11:01:37 [http-nio-8087-exec-4] com.bots.bots.controller.InicioController.webHook()
INFO: Quick Reply Payload#:guarda_tarjeta_approved_click
2018-03-08 11:01:38 [http-nio-8087-exec-6] com.bots.bots.controller.InicioController.webHook()
INFO: User ID#:1809264795810706
2018-03-08 11:01:38 [http-nio-8087-exec-6] com.bots.bots.controller.InicioController.webHook()
INFO: Page ID#:196856110912106
2018-03-08 11:01:38 [http-nio-8087-exec-6] com.bots.bots.controller.InicioController.webHook()
INFO: Message ID#:mid.$cAADp_rPrQEZoN9TZHliBo-XdgbDf
2018-03-08 11:01:38 [http-nio-8087-exec-6] com.bots.bots.controller.InicioController.webHook()
INFO: Message Text#:Si
2018-03-08 11:01:38 [http-nio-8087-exec-6] com.bots.bots.controller.InicioController.webHook()
INFO: Quick Reply Payload#:guarda_tarjeta_approved_click
2018-03-08 11:01:39 [http-nio-8087-exec-5] com.bots.bots.controller.InicioController.webHook()
INFO: User ID#:1809264795810706
2018-03-08 11:01:39 [http-nio-8087-exec-5] com.bots.bots.controller.InicioController.webHook()
INFO: Page ID#:196856110912106
2018-03-08 11:01:39 [http-nio-8087-exec-5] com.bots.bots.controller.InicioController.webHook()
INFO: Message ID#:mid.$cAADp_rPrQEZoN9TZHliBo-XdgbDf
2018-03-08 11:01:39 [http-nio-8087-exec-5] com.bots.bots.controller.InicioController.webHook()
INFO: Message Text#:Si
2018-03-08 11:01:39 [http-nio-8087-exec-5] com.bots.bots.controller.InicioController.webHook()
INFO: Quick Reply Payload#:guarda_tarjeta_approved_click
2018-03-08 11:01:39 [http-nio-8087-exec-7] com.bots.bots.controller.InicioController.webHook()
INFO: User ID#:1809264795810706
2018-03-08 11:01:39 [http-nio-8087-exec-7] com.bots.bots.controller.InicioController.webHook()
INFO: Page ID#:196856110912106
2018-03-08 11:01:39 [http-nio-8087-exec-7] com.bots.bots.controller.InicioController.webHook()
INFO: Message ID#:mid.$cAADp_rPrQEZoN9TZHliBo-XdgbDf
2018-03-08 11:01:39 [http-nio-8087-exec-7] com.bots.bots.controller.InicioController.webHook()
INFO: Message Text#:Si
2018-03-08 11:01:39 [http-nio-8087-exec-7] com.bots.bots.controller.InicioController.webHook()
INFO: Quick Reply Payload#:guarda_tarjeta_approved_click
2018-03-08 11:01:41 [http-nio-8087-exec-8] com.bots.bots.controller.InicioController.webHook()
INFO: User ID#:1809264795810706
2018-03-08 11:01:41 [http-nio-8087-exec-8] com.bots.bots.controller.InicioController.webHook()
INFO: Page ID#:196856110912106
2018-03-08 11:01:41 [http-nio-8087-exec-8] com.bots.bots.controller.InicioController.webHook()
INFO: Message ID#:mid.$cAADp_rPrQEZoN9TZHliBo-XdgbDf
2018-03-08 11:01:41 [http-nio-8087-exec-8] com.bots.bots.controller.InicioController.webHook()
INFO: Message Text#:Si
2018-03-08 11:01:41 [http-nio-8087-exec-8] com.bots.bots.controller.InicioController.webHook()
INFO: Quick Reply Payload#:guarda_tarjeta_approved_click
2018-03-08 11:01:45 [http-nio-8087-exec-3] com.bots.bots.controller.InicioController.webHook()
INFO: User ID#:1809264795810706
2018-03-08 11:01:45 [http-nio-8087-exec-3] com.bots.bots.controller.InicioController.webHook()
INFO: Page ID#:196856110912106
2018-03-08 11:01:45 [http-nio-8087-exec-3] com.bots.bots.controller.InicioController.webHook()
INFO: Message ID#:mid.$cAADp_rPrQEZoN9TZHliBo-XdgbDf
2018-03-08 11:01:45 [http-nio-8087-exec-3] com.bots.bots.controller.InicioController.webHook()
INFO: Message Text#:Si
2018-03-08 11:01:45 [http-nio-8087-exec-3] com.bots.bots.controller.InicioController.webHook()
INFO: Quick Reply Payload#:guarda_tarjeta_approved_click
2018-03-08 11:02:02 [http-nio-8087-exec-9] com.bots.bots.controller.InicioController.webHook()
INFO: User ID#:1809264795810706
2018-03-08 11:02:02 [http-nio-8087-exec-9] com.bots.bots.controller.InicioController.webHook()
INFO: Page ID#:196856110912106
2018-03-08 11:02:02 [http-nio-8087-exec-9] com.bots.bots.controller.InicioController.webHook()
INFO: Message ID#:mid.$cAADp_rPrQEZoN9TZHliBo-XdgbDf
2018-03-08 11:02:02 [http-nio-8087-exec-9] com.bots.bots.controller.InicioController.webHook()
INFO: Message Text#:Si
2018-03-08 11:02:02 [http-nio-8087-exec-9] com.bots.bots.controller.InicioController.webHook()
INFO: Quick Reply Payload#:guarda_tarjeta_approved_click
2018-03-08 11:03:18 [http-nio-8087-exec-10] com.bots.bots.controller.InicioController.webHook()
INFO: User ID#:1809264795810706
2018-03-08 11:03:18 [http-nio-8087-exec-10] com.bots.bots.controller.InicioController.webHook()
INFO: Page ID#:196856110912106
2018-03-08 11:03:18 [http-nio-8087-exec-10] com.bots.bots.controller.InicioController.webHook()
INFO: Message ID#:mid.$cAADp_rPrQEZoN9TZHliBo-XdgbDf
2018-03-08 11:03:18 [http-nio-8087-exec-10] com.bots.bots.controller.InicioController.webHook()
INFO: Message Text#:Si
2018-03-08 11:03:18 [http-nio-8087-exec-10] com.bots.bots.controller.InicioController.webHook()
INFO: Quick Reply Payload#:guarda_tarjeta_approved_click
2018-03-08 11:04:34 [http-nio-8087-exec-2] com.bots.bots.controller.InicioController.webHook()
INFO: User ID#:1809264795810706
2018-03-08 11:04:34 [http-nio-8087-exec-2] com.bots.bots.controller.InicioController.webHook()
INFO: Page ID#:196856110912106
2018-03-08 11:04:34 [http-nio-8087-exec-2] com.bots.bots.controller.InicioController.webHook()
INFO: Message ID#:mid.$cAADp_rPrQEZoN9TZHliBo-XdgbDf
2018-03-08 11:04:34 [http-nio-8087-exec-2] com.bots.bots.controller.InicioController.webHook()
INFO: Message Text#:Si
2018-03-08 11:04:34 [http-nio-8087-exec-2] com.bots.bots.controller.InicioController.webHook()
INFO: Quick Reply Payload#:guarda_tarjeta_approved_click
2018-03-08 11:05:53 [http-nio-8087-exec-1] com.bots.bots.controller.InicioController.webHook()
INFO: User ID#:1809264795810706
2018-03-08 11:05:53 [http-nio-8087-exec-1] com.bots.bots.controller.InicioController.webHook()
INFO: Page ID#:196856110912106
2018-03-08 11:05:53 [http-nio-8087-exec-1] com.bots.bots.controller.InicioController.webHook()
INFO: Message ID#:mid.$cAADp_rPrQEZoN9TZHliBo-XdgbDf
2018-03-08 11:05:53 [http-nio-8087-exec-1] com.bots.bots.controller.InicioController.webHook()
INFO: Message Text#:Si
2018-03-08 11:05:53 [http-nio-8087-exec-1] com.bots.bots.controller.InicioController.webHook()
INFO: Quick Reply Payload#:guarda_tarjeta_approved_click
2018-03-08 11:07:05 [http-nio-8087-exec-4] com.bots.bots.controller.InicioController.webHook()
INFO: User ID#:1809264795810706
2018-03-08 11:07:05 [http-nio-8087-exec-4] com.bots.bots.controller.InicioController.webHook()
INFO: Page ID#:196856110912106
2018-03-08 11:07:05 [http-nio-8087-exec-4] com.bots.bots.controller.InicioController.webHook()
INFO: Message ID#:mid.$cAADp_rPrQEZoN9TZHliBo-XdgbDf
2018-03-08 11:07:05 [http-nio-8087-exec-4] com.bots.bots.controller.InicioController.webHook()
INFO: Message Text#:Si
2018-03-08 11:07:05 [http-nio-8087-exec-4] com.bots.bots.controller.InicioController.webHook()
INFO: Quick Reply Payload#:guarda_tarjeta_approved_click
2018-03-08 11:08:20 [http-nio-8087-exec-6] com.bots.bots.controller.InicioController.webHook()
INFO: User ID#:1809264795810706
2018-03-08 11:08:20 [http-nio-8087-exec-6] com.bots.bots.controller.InicioController.webHook()
INFO: Page ID#:196856110912106
2018-03-08 11:08:20 [http-nio-8087-exec-6] com.bots.bots.controller.InicioController.webHook()
INFO: Message ID#:mid.$cAADp_rPrQEZoN9TZHliBo-XdgbDf
2018-03-08 11:08:20 [http-nio-8087-exec-6] com.bots.bots.controller.InicioController.webHook()
INFO: Message Text#:Si
2018-03-08 11:08:20 [http-nio-8087-exec-6] com.bots.bots.controller.InicioController.webHook()
INFO: Quick Reply Payload#:guarda_tarjeta_approved_click
2018-03-08 11:09:42 [http-nio-8087-exec-5] com.bots.bots.controller.InicioController.webHook()
INFO: User ID#:1809264795810706
2018-03-08 11:09:42 [http-nio-8087-exec-5] com.bots.bots.controller.InicioController.webHook()
INFO: Page ID#:196856110912106
2018-03-08 11:09:42 [http-nio-8087-exec-5] com.bots.bots.controller.InicioController.webHook()
INFO: Message ID#:mid.$cAADp_rPrQEZoN9TZHliBo-XdgbDf
2018-03-08 11:09:42 [http-nio-8087-exec-5] com.bots.bots.controller.InicioController.webHook()
INFO: Message Text#:Si
2018-03-08 11:09:42 [http-nio-8087-exec-5] com.bots.bots.controller.InicioController.webHook()
INFO: Quick Reply Payload#:guarda_tarjeta_approved_click
2018-03-08 11:10:59 [http-nio-8087-exec-7] com.bots.bots.controller.InicioController.webHook()
INFO: User ID#:1809264795810706
2018-03-08 11:10:59 [http-nio-8087-exec-7] com.bots.bots.controller.InicioController.webHook()
INFO: Page ID#:196856110912106
2018-03-08 11:10:59 [http-nio-8087-exec-7] com.bots.bots.controller.InicioController.webHook()
INFO: Message ID#:mid.$cAADp_rPrQEZoN9TZHliBo-XdgbDf
2018-03-08 11:10:59 [http-nio-8087-exec-7] com.bots.bots.controller.InicioController.webHook()
INFO: Message Text#:Si
2018-03-08 11:10:59 [http-nio-8087-exec-7] com.bots.bots.controller.InicioController.webHook()
INFO: Quick Reply Payload#:guarda_tarjeta_approved_click
2018-03-08 11:12:23 [http-nio-8087-exec-8] com.bots.bots.controller.InicioController.webHook()
INFO: User ID#:1809264795810706
2018-03-08 11:12:23 [http-nio-8087-exec-8] com.bots.bots.controller.InicioController.webHook()
INFO: Page ID#:196856110912106
2018-03-08 11:12:23 [http-nio-8087-exec-8] com.bots.bots.controller.InicioController.webHook()
INFO: Message ID#:mid.$cAADp_rPrQEZoN9TZHliBo-XdgbDf
2018-03-08 11:12:23 [http-nio-8087-exec-8] com.bots.bots.controller.InicioController.webHook()
INFO: Message Text#:Si
2018-03-08 11:12:23 [http-nio-8087-exec-8] com.bots.bots.controller.InicioController.webHook()
INFO: Quick Reply Payload#:guarda_tarjeta_approved_click
2018-03-08 11:13:47 [http-nio-8087-exec-3] com.bots.bots.controller.InicioController.webHook()
INFO: User ID#:1809264795810706
2018-03-08 11:13:47 [http-nio-8087-exec-3] com.bots.bots.controller.InicioController.webHook()
INFO: Page ID#:196856110912106
2018-03-08 11:13:47 [http-nio-8087-exec-3] com.bots.bots.controller.InicioController.webHook()
INFO: Message ID#:mid.$cAADp_rPrQEZoN9TZHliBo-XdgbDf
2018-03-08 11:13:47 [http-nio-8087-exec-3] com.bots.bots.controller.InicioController.webHook()
INFO: Message Text#:Si
2018-03-08 11:13:47 [http-nio-8087-exec-3] com.bots.bots.controller.InicioController.webHook()
INFO: Quick Reply Payload#:guarda_tarjeta_approved_click
2018-03-08 11:15:00 [http-nio-8087-exec-9] com.bots.bots.controller.InicioController.webHook()
INFO: User ID#:1809264795810706
2018-03-08 11:15:00 [http-nio-8087-exec-9] com.bots.bots.controller.InicioController.webHook()
INFO: Page ID#:196856110912106
2018-03-08 11:15:00 [http-nio-8087-exec-9] com.bots.bots.controller.InicioController.webHook()
INFO: Message ID#:mid.$cAADp_rPrQEZoN9TZHliBo-XdgbDf
2018-03-08 11:15:00 [http-nio-8087-exec-9] com.bots.bots.controller.InicioController.webHook()
INFO: Message Text#:Si
2018-03-08 11:15:00 [http-nio-8087-exec-9] com.bots.bots.controller.InicioController.webHook()
INFO: Quick Reply Payload#:guarda_tarjeta_approved_click
2018-03-08 11:16:21 [http-nio-8087-exec-10] com.bots.bots.controller.InicioController.webHook()
INFO: User ID#:1809264795810706
2018-03-08 11:16:21 [http-nio-8087-exec-10] com.bots.bots.controller.InicioController.webHook()
INFO: Page ID#:196856110912106
2018-03-08 11:16:21 [http-nio-8087-exec-10] com.bots.bots.controller.InicioController.webHook()
INFO: Message ID#:mid.$cAADp_rPrQEZoN9TZHliBo-XdgbDf
2018-03-08 11:16:21 [http-nio-8087-exec-10] com.bots.bots.controller.InicioController.webHook()
INFO: Message Text#:Si
2018-03-08 11:16:21 [http-nio-8087-exec-10] com.bots.bots.controller.InicioController.webHook()
INFO: Quick Reply Payload#:guarda_tarjeta_approved_click
2018-03-08 11:17:42 [http-nio-8087-exec-1] com.bots.bots.controller.InicioController.webHook()
INFO: User ID#:1809264795810706
2018-03-08 11:17:42 [http-nio-8087-exec-1] com.bots.bots.controller.InicioController.webHook()
INFO: Page ID#:196856110912106
2018-03-08 11:17:42 [http-nio-8087-exec-1] com.bots.bots.controller.InicioController.webHook()
INFO: Message ID#:mid.$cAADp_rPrQEZoN9TZHliBo-XdgbDf
2018-03-08 11:17:42 [http-nio-8087-exec-1] com.bots.bots.controller.InicioController.webHook()
INFO: Message Text#:Si
2018-03-08 11:17:42 [http-nio-8087-exec-1] com.bots.bots.controller.InicioController.webHook()
INFO: Quick Reply Payload#:guarda_tarjeta_approved_click
2018-03-08 11:18:56 [http-nio-8087-exec-2] com.bots.bots.controller.InicioController.webHook()
INFO: User ID#:1809264795810706
2018-03-08 11:18:56 [http-nio-8087-exec-2] com.bots.bots.controller.InicioController.webHook()
INFO: Page ID#:196856110912106
2018-03-08 11:18:56 [http-nio-8087-exec-2] com.bots.bots.controller.InicioController.webHook()
INFO: Message ID#:mid.$cAADp_rPrQEZoN9TZHliBo-XdgbDf
2018-03-08 11:18:56 [http-nio-8087-exec-2] com.bots.bots.controller.InicioController.webHook()
INFO: Message Text#:Si
2018-03-08 11:18:56 [http-nio-8087-exec-2] com.bots.bots.controller.InicioController.webHook()
INFO: Quick Reply Payload#:guarda_tarjeta_approved_click
2018-03-08 11:20:12 [http-nio-8087-exec-3] com.bots.bots.controller.InicioController.webHook()
INFO: User ID#:1809264795810706
2018-03-08 11:20:12 [http-nio-8087-exec-3] com.bots.bots.controller.InicioController.webHook()
INFO: Page ID#:196856110912106
2018-03-08 11:20:12 [http-nio-8087-exec-3] com.bots.bots.controller.InicioController.webHook()
INFO: Message ID#:mid.$cAADp_rPrQEZoN9TZHliBo-XdgbDf
2018-03-08 11:20:12 [http-nio-8087-exec-3] com.bots.bots.controller.InicioController.webHook()
INFO: Message Text#:Si
2018-03-08 11:20:12 [http-nio-8087-exec-3] com.bots.bots.controller.InicioController.webHook()
INFO: Quick Reply Payload#:guarda_tarjeta_approved_click
2018-03-08 11:21:25 [http-nio-8087-exec-4] com.bots.bots.controller.InicioController.webHook()
INFO: User ID#:1809264795810706
2018-03-08 11:21:25 [http-nio-8087-exec-4] com.bots.bots.controller.InicioController.webHook()
INFO: Page ID#:196856110912106
2018-03-08 11:21:25 [http-nio-8087-exec-4] com.bots.bots.controller.InicioController.webHook()
INFO: Message ID#:mid.$cAADp_rPrQEZoN9TZHliBo-XdgbDf
2018-03-08 11:21:25 [http-nio-8087-exec-4] com.bots.bots.controller.InicioController.webHook()
INFO: Message Text#:Si
2018-03-08 11:21:25 [http-nio-8087-exec-4] com.bots.bots.controller.InicioController.webHook()
INFO: Quick Reply Payload#:guarda_tarjeta_approved_click
2018-03-08 11:22:50 [http-nio-8087-exec-5] com.bots.bots.controller.InicioController.webHook()
INFO: User ID#:1809264795810706
2018-03-08 11:22:50 [http-nio-8087-exec-5] com.bots.bots.controller.InicioController.webHook()
INFO: Page ID#:196856110912106
2018-03-08 11:22:50 [http-nio-8087-exec-5] com.bots.bots.controller.InicioController.webHook()
INFO: Message ID#:mid.$cAADp_rPrQEZoN9TZHliBo-XdgbDf
2018-03-08 11:22:50 [http-nio-8087-exec-5] com.bots.bots.controller.InicioController.webHook()
INFO: Message Text#:Si
2018-03-08 11:22:50 [http-nio-8087-exec-5] com.bots.bots.controller.InicioController.webHook()
INFO: Quick Reply Payload#:guarda_tarjeta_approved_click
2018-03-08 11:24:07 [http-nio-8087-exec-6] com.bots.bots.controller.InicioController.webHook()
INFO: User ID#:1809264795810706
2018-03-08 11:24:07 [http-nio-8087-exec-6] com.bots.bots.controller.InicioController.webHook()
INFO: Page ID#:196856110912106
2018-03-08 11:24:07 [http-nio-8087-exec-6] com.bots.bots.controller.InicioController.webHook()
INFO: Message ID#:mid.$cAADp_rPrQEZoN9TZHliBo-XdgbDf
2018-03-08 11:24:07 [http-nio-8087-exec-6] com.bots.bots.controller.InicioController.webHook()
INFO: Message Text#:Si
2018-03-08 11:24:07 [http-nio-8087-exec-6] com.bots.bots.controller.InicioController.webHook()
INFO: Quick Reply Payload#:guarda_tarjeta_approved_click
2018-03-08 11:25:22 [http-nio-8087-exec-7] com.bots.bots.controller.InicioController.webHook()
INFO: User ID#:1809264795810706
2018-03-08 11:25:22 [http-nio-8087-exec-7] com.bots.bots.controller.InicioController.webHook()
INFO: Page ID#:196856110912106
2018-03-08 11:25:22 [http-nio-8087-exec-7] com.bots.bots.controller.InicioController.webHook()
INFO: Message ID#:mid.$cAADp_rPrQEZoN9TZHliBo-XdgbDf
2018-03-08 11:25:22 [http-nio-8087-exec-7] com.bots.bots.controller.InicioController.webHook()
INFO: Message Text#:Si
2018-03-08 11:25:22 [http-nio-8087-exec-7] com.bots.bots.controller.InicioController.webHook()
INFO: Quick Reply Payload#:guarda_tarjeta_approved_click
2018-03-08 11:26:40 [http-nio-8087-exec-1] com.bots.bots.controller.InicioController.webHook()
INFO: User ID#:1809264795810706
2018-03-08 11:26:40 [http-nio-8087-exec-1] com.bots.bots.controller.InicioController.webHook()
INFO: Page ID#:196856110912106
2018-03-08 11:26:40 [http-nio-8087-exec-1] com.bots.bots.controller.InicioController.webHook()
INFO: Message ID#:mid.$cAADp_rPrQEZoN9TZHliBo-XdgbDf
2018-03-08 11:26:40 [http-nio-8087-exec-1] com.bots.bots.controller.InicioController.webHook()
INFO: Message Text#:Si
2018-03-08 11:26:40 [http-nio-8087-exec-1] com.bots.bots.controller.InicioController.webHook()
INFO: Quick Reply Payload#:guarda_tarjeta_approved_click
2018-03-08 11:26:40 [http-nio-8087-exec-3] com.bots.bots.controller.InicioController.webHook()
INFO: User ID#:1809264795810706
2018-03-08 11:26:40 [http-nio-8087-exec-3] com.bots.bots.controller.InicioController.webHook()
INFO: Page ID#:196856110912106
2018-03-08 11:26:40 [http-nio-8087-exec-3] com.bots.bots.controller.InicioController.webHook()
INFO: Message ID#:mid.$cAADp_rPrQEZoN-GgQ1iBpxee5VXJ
2018-03-08 11:26:40 [http-nio-8087-exec-3] com.bots.bots.controller.InicioController.webHook()
INFO: Message Text#:hola
2018-03-08 11:26:40 [http-nio-8087-exec-3] com.bots.bots.controller.InicioController.webHook()
INFO: Quick Reply Payload#:
2018-03-08 11:26:40 [http-nio-8087-exec-3] com.clivern.racter.senders.BaseSender.send()
INFO: curl -X POST -H "Content-Type: application/json" -d '{"recipient": {"id": "1809264795810706"},"message": {"text": "Hola amigo, ¿en qué puedo ayudarte?","quick_replies":[{"content_type":"text","title":"Consulta saldo","payload":"consulta_saldo_click"},{"content_type":"text","title":"Transferencia","payload":"transferencia_click"}]}}' "https://graph.facebook.com/v2.6/me/messages?access_token=EAAd1oZBvQLyABABTKpP0eQrwfsiwwcZAKbIcHmJokT26IUkWpMSKO75DGTnCcazUXuda36uzDMGt6oQAtnSgd5udAvZAHVBqSmp8aVqD7Qztx8B7eGHQMCRwA4wj1yxV5gB7mUZC7xjJYuP0cqmsypG51snmfHidIeKirAw6rMQx8mL9Izqr"
2018-03-08 11:26:50 [http-nio-8087-exec-8] com.bots.bots.controller.InicioController.webHook()
INFO: User ID#:1809264795810706
2018-03-08 11:26:50 [http-nio-8087-exec-8] com.bots.bots.controller.InicioController.webHook()
INFO: Page ID#:196856110912106
2018-03-08 11:26:50 [http-nio-8087-exec-8] com.bots.bots.controller.InicioController.webHook()
INFO: Message ID#:mid.$cAADp_rPrQEZoN-OKYViBp5IqFzWd
2018-03-08 11:26:50 [http-nio-8087-exec-8] com.bots.bots.controller.InicioController.webHook()
INFO: Message Text#:hola
2018-03-08 11:26:50 [http-nio-8087-exec-8] com.bots.bots.controller.InicioController.webHook()
INFO: Quick Reply Payload#:
2018-03-08 11:26:50 [http-nio-8087-exec-8] com.clivern.racter.senders.BaseSender.send()
INFO: curl -X POST -H "Content-Type: application/json" -d '{"recipient": {"id": "1809264795810706"},"message": {"text": "Hola amigo, ¿en qué puedo ayudarte?","quick_replies":[{"content_type":"text","title":"Consulta saldo","payload":"consulta_saldo_click"},{"content_type":"text","title":"Transferencia","payload":"transferencia_click"}]}}' "https://graph.facebook.com/v2.6/me/messages?access_token=EAAd1oZBvQLyABABTKpP0eQrwfsiwwcZAKbIcHmJokT26IUkWpMSKO75DGTnCcazUXuda36uzDMGt6oQAtnSgd5udAvZAHVBqSmp8aVqD7Qztx8B7eGHQMCRwA4wj1yxV5gB7mUZC7xjJYuP0cqmsypG51snmfHidIeKirAw6rMQx8mL9Izqr"
2018-03-08 11:26:50 [http-nio-8087-exec-1] com.bots.bots.controller.InicioController.webHook()
INFO: User ID#:1809264795810706
2018-03-08 11:26:50 [http-nio-8087-exec-1] com.bots.bots.controller.InicioController.webHook()
INFO: Page ID#:196856110912106
2018-03-08 11:26:50 [http-nio-8087-exec-1] com.bots.bots.controller.InicioController.webHook()
INFO: Message ID#:mid.$cAADp_rPrQEZoN-sW6liBqXU1RNCB
2018-03-08 11:26:50 [http-nio-8087-exec-1] com.bots.bots.controller.InicioController.webHook()
INFO: Message Text#:hola
2018-03-08 11:26:50 [http-nio-8087-exec-1] com.bots.bots.controller.InicioController.webHook()
INFO: Quick Reply Payload#:
2018-03-08 11:26:50 [http-nio-8087-exec-1] com.clivern.racter.senders.BaseSender.send()
INFO: curl -X POST -H "Content-Type: application/json" -d '{"recipient": {"id": "1809264795810706"},"message": {"text": "Hola amigo, ¿en qué puedo ayudarte?","quick_replies":[{"content_type":"text","title":"Consulta saldo","payload":"consulta_saldo_click"},{"content_type":"text","title":"Transferencia","payload":"transferencia_click"}]}}' "https://graph.facebook.com/v2.6/me/messages?access_token=EAAd1oZBvQLyABABTKpP0eQrwfsiwwcZAKbIcHmJokT26IUkWpMSKO75DGTnCcazUXuda36uzDMGt6oQAtnSgd5udAvZAHVBqSmp8aVqD7Qztx8B7eGHQMCRwA4wj1yxV5gB7mUZC7xjJYuP0cqmsypG51snmfHidIeKirAw6rMQx8mL9Izqr"
2018-03-08 11:26:55 [http-nio-8087-exec-6] com.bots.bots.controller.InicioController.webHook()
INFO: User ID#:1809264795810706
2018-03-08 11:26:55 [http-nio-8087-exec-6] com.bots.bots.controller.InicioController.webHook()
INFO: Page ID#:196856110912106
2018-03-08 11:26:55 [http-nio-8087-exec-6] com.bots.bots.controller.InicioController.webHook()
INFO: Message ID#:mid.$cAADp_rPrQEZoN-wDNliBqbBapSTg
2018-03-08 11:26:55 [http-nio-8087-exec-6] com.bots.bots.controller.InicioController.webHook()
INFO: Message Text#:Consulta saldo
2018-03-08 11:26:55 [http-nio-8087-exec-6] com.bots.bots.controller.InicioController.webHook()
INFO: Quick Reply Payload#:consulta_saldo_click
2018-03-08 11:26:55 [http-nio-8087-exec-6] com.clivern.racter.senders.BaseSender.send()
INFO: curl -X POST -H "Content-Type: application/json" -d '{"recipient": {"id": "1809264795810706"},"message": {"text": "No te tengo en registro, ¿Cuál es tu banco?","quick_replies":[{"content_type":"text","title":"Banamex","payload":"select_banco_banamex_click"},{"content_type":"text","title":"Bancomer","payload":"select_banco_bancomer_click"}]}}' "https://graph.facebook.com/v2.6/me/messages?access_token=EAAd1oZBvQLyABABTKpP0eQrwfsiwwcZAKbIcHmJokT26IUkWpMSKO75DGTnCcazUXuda36uzDMGt6oQAtnSgd5udAvZAHVBqSmp8aVqD7Qztx8B7eGHQMCRwA4wj1yxV5gB7mUZC7xjJYuP0cqmsypG51snmfHidIeKirAw6rMQx8mL9Izqr"
2018-03-08 11:26:57 [http-nio-8087-exec-10] com.bots.bots.controller.InicioController.webHook()
INFO: User ID#:1809264795810706
2018-03-08 11:26:57 [http-nio-8087-exec-10] com.bots.bots.controller.InicioController.webHook()
INFO: Page ID#:196856110912106
2018-03-08 11:26:57 [http-nio-8087-exec-10] com.bots.bots.controller.InicioController.webHook()
INFO: Message ID#:mid.$cAADp_rPrQEZoN-wNY1iBqbLpNXvw
2018-03-08 11:26:57 [http-nio-8087-exec-10] com.bots.bots.controller.InicioController.webHook()
INFO: Message Text#:Banamex
2018-03-08 11:26:57 [http-nio-8087-exec-10] com.bots.bots.controller.InicioController.webHook()
INFO: Quick Reply Payload#:select_banco_banamex_click
2018-03-08 11:26:57 [http-nio-8087-exec-10] com.clivern.racter.senders.BaseSender.send()
INFO: curl -X POST -H "Content-Type: application/json" -d '{"recipient": {"id": "1809264795810706"},"message": {"text": "Dame tu número de cuenta Banamex"}}' "https://graph.facebook.com/v2.6/me/messages?access_token=EAAd1oZBvQLyABABTKpP0eQrwfsiwwcZAKbIcHmJokT26IUkWpMSKO75DGTnCcazUXuda36uzDMGt6oQAtnSgd5udAvZAHVBqSmp8aVqD7Qztx8B7eGHQMCRwA4wj1yxV5gB7mUZC7xjJYuP0cqmsypG51snmfHidIeKirAw6rMQx8mL9Izqr"
2018-03-08 11:27:10 [http-nio-8087-exec-3] com.bots.bots.controller.InicioController.webHook()
INFO: User ID#:1809264795810706
2018-03-08 11:27:10 [http-nio-8087-exec-3] com.bots.bots.controller.InicioController.webHook()
INFO: Page ID#:196856110912106
2018-03-08 11:27:10 [http-nio-8087-exec-3] com.bots.bots.controller.InicioController.webHook()
INFO: Message ID#:mid.$cAADp_rPrQEZoN-w_o1iBqb934Fmv
2018-03-08 11:27:10 [http-nio-8087-exec-3] com.bots.bots.controller.InicioController.webHook()
INFO: Message Text#:1234567890123456 ok
2018-03-08 11:27:10 [http-nio-8087-exec-3] com.bots.bots.controller.InicioController.webHook()
INFO: Quick Reply Payload#:
2018-03-08 11:27:10 [http-nio-8087-exec-3] com.clivern.racter.senders.BaseSender.send()
INFO: curl -X POST -H "Content-Type: application/json" -d '{"recipient": {"id": "1809264795810706"},"message": {"text": "Bueno, la verdad es que ya estás pobre :'(","quick_replies":[{"content_type":"text","title":"Si","payload":"guarda_tarjeta_approved_click"},{"content_type":"text","title":"No","payload":"guarda_tarjeta_denied_click"}]}}' "https://graph.facebook.com/v2.6/me/messages?access_token=EAAd1oZBvQLyABABTKpP0eQrwfsiwwcZAKbIcHmJokT26IUkWpMSKO75DGTnCcazUXuda36uzDMGt6oQAtnSgd5udAvZAHVBqSmp8aVqD7Qztx8B7eGHQMCRwA4wj1yxV5gB7mUZC7xjJYuP0cqmsypG51snmfHidIeKirAw6rMQx8mL9Izqr"
2018-03-08 11:27:16 [http-nio-8087-exec-8] com.bots.bots.controller.InicioController.webHook()
INFO: User ID#:1809264795810706
2018-03-08 11:27:16 [http-nio-8087-exec-8] com.bots.bots.controller.InicioController.webHook()
INFO: Page ID#:196856110912106
2018-03-08 11:27:16 [http-nio-8087-exec-8] com.bots.bots.controller.InicioController.webHook()
INFO: Message ID#:mid.$cAADp_rPrQEZoN-xXa1iBqcVnXqvD
2018-03-08 11:27:16 [http-nio-8087-exec-8] com.bots.bots.controller.InicioController.webHook()
INFO: Message Text#:Si
2018-03-08 11:27:16 [http-nio-8087-exec-8] com.bots.bots.controller.InicioController.webHook()
INFO: Quick Reply Payload#:guarda_tarjeta_approved_click
